Removed Pin From Net: NetName=GND Pin=SB1-2
Removed Pin From Net: NetName=GND Pin=SB2-2
Removed Member From Class: ClassName=LaserDriver Member=SB1
Removed Member From Class: ClassName=LaserDriver Member=SB2
Added Pin To Net: NetName=GND Pin=C26-1
Added Pin To Net: NetName=GND Pin=C27-1
Added Pin To Net: NetName=GND Pin=C28-1
Added Pin To Net: NetName=GND Pin=C29-2
Added Pin To Net: NetName=GND Pin=C30-1
Added Pin To Net: NetName=GND Pin=C31-1
Added Pin To Net: NetName=GND Pin=Q7-4
Added Pin To Net: NetName=GND Pin=Q7-4
Added Pin To Net: NetName=GND Pin=Q7-4
Added Pin To Net: NetName=GND Pin=Q7-4
Added Pin To Net: NetName=GND Pin=Q7-4
Added Pin To Net: NetName=GND Pin=R19-1
Added Pin To Net: NetName=GND Pin=R20-1
Added Pin To Net: NetName=GND Pin=R21-1
Added Pin To Net: NetName=GND Pin=R22-1
Added Pin To Net: NetName=GND Pin=R23-1
Added Pin To Net: NetName=GND Pin=R26-1
Added Pin To Net: NetName=GND Pin=U7-2
Added Pin To Net: NetName=GND Pin=U8-2
Added Pin To Net: NetName=GND Pin=U9-B1
Added Room: Name=LaserDriver
PCB-ECO: Change Pad Pin/Pkg Length: Old=0mm New=2.5mm
PCB-ECO: Change Pad Pin/Pkg Length: Old=0mm New=2.5mm
PCB-ECO: Change Pad Pin/Pkg Length: Old=0mm New=2.5mm
PCB-ECO: Change Pad Pin/Pkg Length: Old=0mm New=2.5mm
PCB-ECO: Change Pad Pin/Pkg Length: Old=0mm New=2.5mm
