Added Component: Designator=R27(0402 Resistor)
Add component (AddParameter): Name = "ComponentLink1Description"; Value = "Chip&Dip"; VariantName = "[No Variations]"
Add component (AddParameter): Name = "ComponentLink1URL"; Value = "https://www.chipdip.ru/product0/8006233396"; VariantName = "[No Variations]"
Add component (AddParameter): Name = "Manufacturer"; Value = "Rohm"; VariantName = "[No Variations]"
Add component (AddParameter): Name = "Part Number"; Value = "UCR01MVPFLR470"; VariantName = "[No Variations]"
Add component (AddParameter): Name = "Type"; Value = "Resistor"; VariantName = "[No Variations]"
Added Component: Designator=R28(0402 Resistor)
Add component (AddParameter): Name = "ComponentLink1Description"; Value = "Chip&Dip"; VariantName = "[No Variations]"
Add component (AddParameter): Name = "ComponentLink1URL"; Value = "https://www.chipdip.ru/product0/8006233396"; VariantName = "[No Variations]"
Add component (AddParameter): Name = "Manufacturer"; Value = "Rohm"; VariantName = "[No Variations]"
Add component (AddParameter): Name = "Part Number"; Value = "UCR01MVPFLR470"; VariantName = "[No Variations]"
Add component (AddParameter): Name = "Type"; Value = "Resistor"; VariantName = "[No Variations]"
Added Component: Designator=R29(0402 Resistor)
Add component (AddParameter): Name = "ComponentLink1Description"; Value = "Chip&Dip"; VariantName = "[No Variations]"
Add component (AddParameter): Name = "ComponentLink1URL"; Value = "https://www.chipdip.ru/product0/8006233396"; VariantName = "[No Variations]"
Add component (AddParameter): Name = "Manufacturer"; Value = "Rohm"; VariantName = "[No Variations]"
Add component (AddParameter): Name = "Part Number"; Value = "UCR01MVPFLR470"; VariantName = "[No Variations]"
Add component (AddParameter): Name = "Type"; Value = "Resistor"; VariantName = "[No Variations]"
Added Component: Designator=R30(0402 Resistor)
Add component (AddParameter): Name = "ComponentLink1Description"; Value = "Chip&Dip"; VariantName = "[No Variations]"
Add component (AddParameter): Name = "ComponentLink1URL"; Value = "https://www.chipdip.ru/product0/8006233396"; VariantName = "[No Variations]"
Add component (AddParameter): Name = "Manufacturer"; Value = "Rohm"; VariantName = "[No Variations]"
Add component (AddParameter): Name = "Part Number"; Value = "UCR01MVPFLR470"; VariantName = "[No Variations]"
Add component (AddParameter): Name = "Type"; Value = "Resistor"; VariantName = "[No Variations]"
Added Component: Designator=R31(0402 Resistor)
Add component (AddParameter): Name = "ComponentLink1Description"; Value = "Chip&Dip"; VariantName = "[No Variations]"
Add component (AddParameter): Name = "ComponentLink1URL"; Value = "https://www.chipdip.ru/product0/8006233396"; VariantName = "[No Variations]"
Add component (AddParameter): Name = "Manufacturer"; Value = "Rohm"; VariantName = "[No Variations]"
Add component (AddParameter): Name = "Part Number"; Value = "UCR01MVPFLR470"; VariantName = "[No Variations]"
Add component (AddParameter): Name = "Type"; Value = "Resistor"; VariantName = "[No Variations]"
Added Pin To Net: NetName=GND Pin=R27-1
Added Pin To Net: NetName=Shunt_Sens Pin=R27-2
Added Pin To Net: NetName=GND Pin=R28-1
Added Pin To Net: NetName=Shunt_Sens Pin=R28-2
Added Pin To Net: NetName=GND Pin=R29-1
Added Pin To Net: NetName=Shunt_Sens Pin=R29-2
Added Pin To Net: NetName=GND Pin=R30-1
Added Pin To Net: NetName=Shunt_Sens Pin=R30-2
Added Pin To Net: NetName=GND Pin=R31-1
Added Pin To Net: NetName=Shunt_Sens Pin=R31-2
Added Member To Class: ClassName=LaserDriver Member=Component R27 0.47R
Added Member To Class: ClassName=LaserDriver Member=Component R28 0.47R
Added Member To Class: ClassName=LaserDriver Member=Component R29 0.47R
Added Member To Class: ClassName=LaserDriver Member=Component R30 0.47R
Added Member To Class: ClassName=LaserDriver Member=Component R31 0.47R
