Change Physical Footprint: Designator=C1 Old Footprint=0402 Capicator New Footprint=0402 Capicator
Change Physical Footprint: Designator=C2 Old Footprint=0402 Capicator New Footprint=0402 Capicator
Change Physical Footprint: Designator=C3 Old Footprint=0402 Capicator New Footprint=0402 Capicator
Change Physical Footprint: Designator=C4 Old Footprint=0402 Capicator New Footprint=0402 Capicator
Change Physical Footprint: Designator=C5 Old Footprint=0402 Capicator New Footprint=0402 Capicator
Change Physical Footprint: Designator=C6 Old Footprint=0402 Capicator New Footprint=0402 Capicator
Change Physical Footprint: Designator=C7 Old Footprint=0402 Capicator New Footprint=0402 Capicator
Change Physical Footprint: Designator=C8 Old Footprint=0402 Capicator New Footprint=0402 Capicator
Change Physical Footprint: Designator=C9 Old Footprint=0402 Capicator New Footprint=0402 Capicator
Change Physical Footprint: Designator=C10 Old Footprint=0402 Capicator New Footprint=0402 Capicator
Change Physical Footprint: Designator=C11 Old Footprint=0402 Capicator New Footprint=0402 Capicator
Change Physical Footprint: Designator=C12 Old Footprint=0402 Capicator New Footprint=0402 Capicator
Change Physical Footprint: Designator=C13 Old Footprint=0402 Capicator New Footprint=0402 Capicator
Change Physical Footprint: Designator=C14 Old Footprint=0402 Capicator New Footprint=0402 Capicator
Change Physical Footprint: Designator=C15 Old Footprint=0402 Capicator New Footprint=0402 Capicator
Change Physical Footprint: Designator=C16 Old Footprint=0402 Capicator New Footprint=0402 Capicator
Change Physical Footprint: Designator=C17 Old Footprint=0402 Capicator New Footprint=0402 Capicator
Change Physical Footprint: Designator=C18 Old Footprint=0402 Capicator New Footprint=0402 Capicator
Change Physical Footprint: Designator=C19 Old Footprint=0402 Capicator New Footprint=0402 Capicator
Change Physical Footprint: Designator=C20 Old Footprint=0402 Capicator New Footprint=0402 Capicator
Change Physical Footprint: Designator=C21 Old Footprint=0402 Capicator New Footprint=0402 Capicator
Change Physical Footprint: Designator=C22 Old Footprint=0402 Capicator New Footprint=0402 Capicator
Change Physical Footprint: Designator=C23 Old Footprint=0402 Capicator New Footprint=0402 Capicator
Change Physical Footprint: Designator=C24 Old Footprint=0402 Capicator New Footprint=0402 Capicator
Change Physical Footprint: Designator=C25 Old Footprint=0402 Capicator New Footprint=0402 Capicator
Change Physical Footprint: Designator=C26 Old Footprint=0402 Capicator New Footprint=0402 Capicator
Change Physical Footprint: Designator=C27 Old Footprint=0402 Capicator New Footprint=0402 Capicator
Change Physical Footprint: Designator=C28 Old Footprint=0402 Capicator New Footprint=0402 Capicator
Change Physical Footprint: Designator=C29 Old Footprint=0603 Capicator New Footprint=0603 Capicator
Change Physical Footprint: Designator=C30 Old Footprint=0603 Capicator New Footprint=0603 Capicator
Change Physical Footprint: Designator=C31 Old Footprint=0402 Capicator New Footprint=0402 Capicator
Change Physical Footprint: Designator=D1 Old Footprint=SPL S4L90A_3 A01 New Footprint=SPL S4L90A_3 A01
Change Physical Footprint: Designator=D2 Old Footprint=SOD-123FL New Footprint=SOD-123FL
Change Physical Footprint: Designator=D3 Old Footprint=SOD-123FL New Footprint=SOD-123FL
Change Physical Footprint: Designator=D4 Old Footprint=SOD-123FL New Footprint=SOD-123FL
Change Physical Footprint: Designator=D5 Old Footprint=SOD-123FL New Footprint=SOD-123FL
Change Physical Footprint: Designator=D6 Old Footprint=SOD-123FL New Footprint=SOD-123FL
Change Physical Footprint: Designator=J1 Old Footprint=DF13-6p-1.25H New Footprint=DF13-6p-1.25H
Change Physical Footprint: Designator=J2 Old Footprint=IPX U. FL New Footprint=IPX U. FL
Change Physical Footprint: Designator=L1 Old Footprint=0402 Inductor New Footprint=0402 Inductor
Change Physical Footprint: Designator=L2 Old Footprint=0402 Inductor New Footprint=0402 Inductor
Change Physical Footprint: Designator=L3 Old Footprint=0402 Inductor New Footprint=0402 Inductor
Change Physical Footprint: Designator=Q1 Old Footprint=SOT236 New Footprint=SOT236
Change Physical Footprint: Designator=Q2 Old Footprint=SOT236 New Footprint=SOT236
Change Physical Footprint: Designator=Q3 Old Footprint=SOT-23 New Footprint=SOT-23
Change Physical Footprint: Designator=Q4 Old Footprint=SOT-23 New Footprint=SOT-23
Change Physical Footprint: Designator=Q5 Old Footprint=SOT-23 New Footprint=SOT-23
Change Physical Footprint: Designator=Q6 Old Footprint=SOT-23 New Footprint=SOT-23
Change Physical Footprint: Designator=Q7 Old Footprint=EPC2001C New Footprint=EPC2001C
Change Physical Footprint: Designator=R1 Old Footprint=0402 Resistor New Footprint=0402 Resistor
Change Physical Footprint: Designator=R2 Old Footprint=0402 Resistor New Footprint=0402 Resistor
Change Physical Footprint: Designator=R3 Old Footprint=0402 Resistor New Footprint=0402 Resistor
Change Physical Footprint: Designator=R4 Old Footprint=0402 Resistor New Footprint=0402 Resistor
Change Physical Footprint: Designator=R5 Old Footprint=0402 Resistor New Footprint=0402 Resistor
Change Physical Footprint: Designator=R6 Old Footprint=0402 Resistor New Footprint=0402 Resistor
Change Physical Footprint: Designator=R7 Old Footprint=0402 Resistor New Footprint=0402 Resistor
Change Physical Footprint: Designator=R10 Old Footprint=0402 Resistor New Footprint=0402 Resistor
Change Physical Footprint: Designator=R11 Old Footprint=0402 Resistor New Footprint=0402 Resistor
Change Physical Footprint: Designator=R12 Old Footprint=0402 Resistor New Footprint=0402 Resistor
Change Physical Footprint: Designator=R13 Old Footprint=0402 Resistor New Footprint=0402 Resistor
Change Physical Footprint: Designator=R14 Old Footprint=0402 Resistor New Footprint=0402 Resistor
Change Physical Footprint: Designator=R17 Old Footprint=0402 Resistor New Footprint=0402 Resistor
Change Physical Footprint: Designator=R18 Old Footprint=0402 Resistor New Footprint=0402 Resistor
Change Physical Footprint: Designator=R19 Old Footprint=0402 Resistor New Footprint=0402 Resistor
Change Physical Footprint: Designator=R20 Old Footprint=0402 Resistor New Footprint=0402 Resistor
Change Physical Footprint: Designator=R21 Old Footprint=0402 Resistor New Footprint=0402 Resistor
Change Physical Footprint: Designator=R22 Old Footprint=0402 Resistor New Footprint=0402 Resistor
Change Physical Footprint: Designator=R23 Old Footprint=0402 Resistor New Footprint=0402 Resistor
Change Physical Footprint: Designator=R24 Old Footprint=0402 Resistor New Footprint=0402 Resistor
Change Physical Footprint: Designator=R25 Old Footprint=0402 Resistor New Footprint=0402 Resistor
Change Physical Footprint: Designator=R26 Old Footprint=0402 Resistor New Footprint=0402 Resistor
Change Physical Footprint: Designator=SB1 Old Footprint=SB 0603 New Footprint=SB 0603
Change Physical Footprint: Designator=SB2 Old Footprint=SB 0603 New Footprint=SB 0603
Change Physical Footprint: Designator=TP1 Old Footprint=TestPoint New Footprint=TestPoint
Change Physical Footprint: Designator=TP2 Old Footprint=TestPoint New Footprint=TestPoint
Change Physical Footprint: Designator=TP3 Old Footprint=TestPoint New Footprint=TestPoint
Change Physical Footprint: Designator=TP4 Old Footprint=TestPoint New Footprint=TestPoint
Change Physical Footprint: Designator=TP5 Old Footprint=TestPoint New Footprint=TestPoint
Change Physical Footprint: Designator=TP6 Old Footprint=TestPoint New Footprint=TestPoint
Change Physical Footprint: Designator=TP7 Old Footprint=TestPoint New Footprint=TestPoint
Change Physical Footprint: Designator=TP8 Old Footprint=TestPoint New Footprint=TestPoint
Change Physical Footprint: Designator=TP9 Old Footprint=TestPoint New Footprint=TestPoint
Change Physical Footprint: Designator=U1 Old Footprint=SOT236 New Footprint=SOT236
Change Physical Footprint: Designator=U2 Old Footprint=SOT236 New Footprint=SOT236
Change Physical Footprint: Designator=U4 Old Footprint=SOT-23-5 New Footprint=SOT-23-5
Change Physical Footprint: Designator=U6 Old Footprint=TSSOP-14 New Footprint=TSSOP-14
Change Physical Footprint: Designator=U7 Old Footprint=SOT-23-5 New Footprint=SOT-23-5
Change Physical Footprint: Designator=U8 Old Footprint=MicroPak 6-Lead New Footprint=MicroPak 6-Lead
Change Physical Footprint: Designator=U9 Old Footprint=WCSP New Footprint=WCSP
