Removed Pin From Net: NetName=GND Pin=C26-1
Removed Pin From Net: NetName=GND Pin=C27-1
Removed Pin From Net: NetName=GND Pin=C28-1
Removed Pin From Net: NetName=GND Pin=C29-2
Removed Pin From Net: NetName=GND Pin=C30-1
Removed Pin From Net: NetName=GND Pin=C31-1
Removed Pin From Net: NetName=GND Pin=Q7-4
Removed Pin From Net: NetName=GND Pin=Q7-4
Removed Pin From Net: NetName=GND Pin=Q7-4
Removed Pin From Net: NetName=GND Pin=Q7-4
Removed Pin From Net: NetName=GND Pin=Q7-4
Removed Pin From Net: NetName=GND Pin=R19-1
Removed Pin From Net: NetName=GND Pin=R20-1
Removed Pin From Net: NetName=GND Pin=R21-1
Removed Pin From Net: NetName=GND Pin=R22-1
Removed Pin From Net: NetName=GND Pin=R23-1
Removed Pin From Net: NetName=GND Pin=R26-1
Removed Pin From Net: NetName=GND Pin=U7-2
Removed Pin From Net: NetName=GND Pin=U8-2
Removed Pin From Net: NetName=GND Pin=U9-B1
Added Component: Designator=SB1(SB 0603)
Added Component: Designator=SB2(SB 0603)
Added Pin To Net: NetName=GND Pin=SB1-2
Added Pin To Net: NetName=GND Pin=SB2-2
Added Pin To Net: NetName=HS_GND Pin=C26-1
Added Pin To Net: NetName=HS_GND Pin=C27-1
Added Pin To Net: NetName=HS_GND Pin=C28-1
Added Pin To Net: NetName=HS_GND Pin=C29-2
Added Pin To Net: NetName=HS_GND Pin=C30-1
Added Pin To Net: NetName=HS_GND Pin=C31-1
Added Pin To Net: NetName=HS_GND Pin=R26-1
Added Pin To Net: NetName=HS_GND Pin=SB1-1
Added Pin To Net: NetName=HS_GND Pin=U7-2
Added Pin To Net: NetName=HS_GND Pin=U8-2
Added Pin To Net: NetName=HS_GND Pin=U9-B1
Added Net: Name=HS_GND
Added Pin To Net: NetName=PWR_GND Pin=Q7-4
Added Pin To Net: NetName=PWR_GND Pin=Q7-4
Added Pin To Net: NetName=PWR_GND Pin=Q7-4
Added Pin To Net: NetName=PWR_GND Pin=Q7-4
Added Pin To Net: NetName=PWR_GND Pin=Q7-4
Added Pin To Net: NetName=PWR_GND Pin=R19-1
Added Pin To Net: NetName=PWR_GND Pin=R20-1
Added Pin To Net: NetName=PWR_GND Pin=R21-1
Added Pin To Net: NetName=PWR_GND Pin=R22-1
Added Pin To Net: NetName=PWR_GND Pin=R23-1
Added Pin To Net: NetName=PWR_GND Pin=SB2-1
Added Net: Name=PWR_GND
Added Member To Class: ClassName=LaserDriver Member=Component SB1 Circuit Breaker
Added Member To Class: ClassName=LaserDriver Member=Component SB2 Circuit Breaker
