Replace Part C? Cap 0.1uF (0603) in D:\GitHub\Future\LaserDriver\Altium\LaserDriver.SchDoc with Cap 0.1uF (0603) from BRT_Components.IntLib
Replace Part C? Cap 0.1uF (0603) in D:\GitHub\Future\LaserDriver\Altium\LaserDriver.SchDoc with Cap 0.1uF (0603) from BRT_Components.IntLib
Replace Part C? Cap 0.1uF (0603) in D:\GitHub\Future\LaserDriver\Altium\LaserDriver.SchDoc with Cap 0.1uF (0603) from BRT_Components.IntLib
Replace Part C? Cap 8pF (0603) in D:\GitHub\Future\LaserDriver\Altium\LaserDriver.SchDoc with Cap 8pF (0603) from BRT_Components.IntLib
Replace Part C? Cap 8pF (0603) in D:\GitHub\Future\LaserDriver\Altium\LaserDriver.SchDoc with Cap 8pF (0603) from BRT_Components.IntLib
Replace Part C? Cap 0.1uF (0603) in D:\GitHub\Future\LaserDriver\Altium\LaserDriver.SchDoc with Cap 0.1uF (0603) from BRT_Components.IntLib
Replace Part C? Cap 220pF (0402) in D:\GitHub\Future\LaserDriver\Altium\LaserDriver.SchDoc with Cap 220pF (0402) from BRT_Components.IntLib
Replace Part C? Cap 220pF (0402) in D:\GitHub\Future\LaserDriver\Altium\LaserDriver.SchDoc with Cap 220pF (0402) from BRT_Components.IntLib
Replace Part C? Cap 220pF (0402) in D:\GitHub\Future\LaserDriver\Altium\LaserDriver.SchDoc with Cap 220pF (0402) from BRT_Components.IntLib
Replace Part C? Cap 220pF (0402) in D:\GitHub\Future\LaserDriver\Altium\LaserDriver.SchDoc with Cap 220pF (0402) from BRT_Components.IntLib
Replace Part C? Cap 220pF (0402) in D:\GitHub\Future\LaserDriver\Altium\LaserDriver.SchDoc with Cap 220pF (0402) from BRT_Components.IntLib
Replace Part C? Cap 220pF (0402) in D:\GitHub\Future\LaserDriver\Altium\LaserDriver.SchDoc with Cap 220pF (0402) from BRT_Components.IntLib
Replace Part C? Cap 220pF (0402) in D:\GitHub\Future\LaserDriver\Altium\LaserDriver.SchDoc with Cap 220pF (0402) from BRT_Components.IntLib
Replace Part C? Cap 220pF (0402) in D:\GitHub\Future\LaserDriver\Altium\LaserDriver.SchDoc with Cap 220pF (0402) from BRT_Components.IntLib
Replace Part C? Cap 220pF (0402) in D:\GitHub\Future\LaserDriver\Altium\LaserDriver.SchDoc with Cap 220pF (0402) from BRT_Components.IntLib
Replace Part C? Cap 220pF (0402) in D:\GitHub\Future\LaserDriver\Altium\LaserDriver.SchDoc with Cap 220pF (0402) from BRT_Components.IntLib
Replace Part C? Cap 220pF (0402) in D:\GitHub\Future\LaserDriver\Altium\LaserDriver.SchDoc with Cap 220pF (0402) from BRT_Components.IntLib
Replace Part C? Cap 220pF (0402) in D:\GitHub\Future\LaserDriver\Altium\LaserDriver.SchDoc with Cap 220pF (0402) from BRT_Components.IntLib
Replace Part C? Cap 220pF (0402) in D:\GitHub\Future\LaserDriver\Altium\LaserDriver.SchDoc with Cap 220pF (0402) from BRT_Components.IntLib
Replace Part C? Cap 220pF (0402) in D:\GitHub\Future\LaserDriver\Altium\LaserDriver.SchDoc with Cap 220pF (0402) from BRT_Components.IntLib
Replace Part C? Cap 220pF (0402) in D:\GitHub\Future\LaserDriver\Altium\LaserDriver.SchDoc with Cap 220pF (0402) from BRT_Components.IntLib
Replace Part C? Cap 220pF (0402) in D:\GitHub\Future\LaserDriver\Altium\LaserDriver.SchDoc with Cap 220pF (0402) from BRT_Components.IntLib
Replace Part C? Cap 220pF (0402) in D:\GitHub\Future\LaserDriver\Altium\LaserDriver.SchDoc with Cap 220pF (0402) from BRT_Components.IntLib
Replace Part C? Cap 220pF (0402) in D:\GitHub\Future\LaserDriver\Altium\LaserDriver.SchDoc with Cap 220pF (0402) from BRT_Components.IntLib
Replace Part C? Cap 220pF (0402) in D:\GitHub\Future\LaserDriver\Altium\LaserDriver.SchDoc with Cap 220pF (0402) from BRT_Components.IntLib
Replace Part C? Cap 220pF (0402) in D:\GitHub\Future\LaserDriver\Altium\LaserDriver.SchDoc with Cap 220pF (0402) from BRT_Components.IntLib
Replace Part D? Laser 4 Channel in D:\GitHub\Future\LaserDriver\Altium\LaserDriver.SchDoc with Laser 4 Channel from BRT_Components.IntLib
Replace Part J? Conn 6 [DF13] in D:\GitHub\Future\LaserDriver\Altium\LaserDriver.SchDoc with Conn 6 [DF13] from BRT_Components.IntLib
Replace Part J? Connector SMA in D:\GitHub\Future\LaserDriver\Altium\LaserDriver.SchDoc with Connector SMA from BRT_Components.IntLib
Replace Part L? Ferrite Bead 330 (0402) in D:\GitHub\Future\LaserDriver\Altium\LaserDriver.SchDoc with Ferrite Bead 330 (0402) from BRT_Components.IntLib
Replace Part L? Ferrite Bead 330 (0402) in D:\GitHub\Future\LaserDriver\Altium\LaserDriver.SchDoc with Ferrite Bead 330 (0402) from BRT_Components.IntLib
Replace Part L? Ferrite Bead 330 (0402) in D:\GitHub\Future\LaserDriver\Altium\LaserDriver.SchDoc with Ferrite Bead 330 (0402) from BRT_Components.IntLib
Replace Part Q? MOSFET-N [EPC] in D:\GitHub\Future\LaserDriver\Altium\LaserDriver.SchDoc with MOSFET-N [EPC] from BRT_Components.IntLib
Replace Part Q? MOSFET-N x2 [FDC86] in D:\GitHub\Future\LaserDriver\Altium\LaserDriver.SchDoc with MOSFET-N x2 [FDC86] from BRT_Components.IntLib
Replace Part Q? MOSFET-N x2 [FDC86] in D:\GitHub\Future\LaserDriver\Altium\LaserDriver.SchDoc with MOSFET-N x2 [FDC86] from BRT_Components.IntLib
Replace Part Q? MOSFET-N x2 [FDC86] in D:\GitHub\Future\LaserDriver\Altium\LaserDriver.SchDoc with MOSFET-N x2 [FDC86] from BRT_Components.IntLib
Replace Part Q? MOSFET-N x2 [FDC86] in D:\GitHub\Future\LaserDriver\Altium\LaserDriver.SchDoc with MOSFET-N x2 [FDC86] from BRT_Components.IntLib
Replace Part R? Res 100R (0603) in D:\GitHub\Future\LaserDriver\Altium\LaserDriver.SchDoc with Res 100R (0603) from BRT_Components.IntLib
Replace Part R? Res 180R (0603) in D:\GitHub\Future\LaserDriver\Altium\LaserDriver.SchDoc with Res 180R (0603) from BRT_Components.IntLib
Replace Part R? Res 1k (0603) in D:\GitHub\Future\LaserDriver\Altium\LaserDriver.SchDoc with Res 1k (0603) from BRT_Components.IntLib
Replace Part R? Res 10k (0603) in D:\GitHub\Future\LaserDriver\Altium\LaserDriver.SchDoc with Res 10k (0603) from BRT_Components.IntLib
Replace Part R? Res 300R (0603) in D:\GitHub\Future\LaserDriver\Altium\LaserDriver.SchDoc with Res 300R (0603) from BRT_Components.IntLib
Replace Part R? Res 0.47R(0402) in D:\GitHub\Future\LaserDriver\Altium\LaserDriver.SchDoc with Res 0.47R(0402) from BRT_Components.IntLib
Replace Part R? Res 0.47R(0402) in D:\GitHub\Future\LaserDriver\Altium\LaserDriver.SchDoc with Res 0.47R(0402) from BRT_Components.IntLib
Replace Part R? Res 0.47R(0402) in D:\GitHub\Future\LaserDriver\Altium\LaserDriver.SchDoc with Res 0.47R(0402) from BRT_Components.IntLib
Replace Part R? Res 0.47R(0402) in D:\GitHub\Future\LaserDriver\Altium\LaserDriver.SchDoc with Res 0.47R(0402) from BRT_Components.IntLib
Replace Part R? Res 0.47R(0402) in D:\GitHub\Future\LaserDriver\Altium\LaserDriver.SchDoc with Res 0.47R(0402) from BRT_Components.IntLib
Replace Part R? Res 51R (0603) in D:\GitHub\Future\LaserDriver\Altium\LaserDriver.SchDoc with Res 51R (0603) from BRT_Components.IntLib
Replace Part R? Res 300R (0603) in D:\GitHub\Future\LaserDriver\Altium\LaserDriver.SchDoc with Res 300R (0603) from BRT_Components.IntLib
Replace Part R? Res 300R (0603) in D:\GitHub\Future\LaserDriver\Altium\LaserDriver.SchDoc with Res 300R (0603) from BRT_Components.IntLib
Replace Part R? Res 300R (0603) in D:\GitHub\Future\LaserDriver\Altium\LaserDriver.SchDoc with Res 300R (0603) from BRT_Components.IntLib
Replace Part U? MOSFET Driver [LMG] in D:\GitHub\Future\LaserDriver\Altium\LaserDriver.SchDoc with MOSFET Driver [LMG] from BRT_Components.IntLib
Replace Part U? Buffer [NC7] in D:\GitHub\Future\LaserDriver\Altium\LaserDriver.SchDoc with Buffer [NC7] from BRT_Components.IntLib
Replace Part U? OpAmp [OPA354] in D:\GitHub\Future\LaserDriver\Altium\LaserDriver.SchDoc with OpAmp [OPA354] from BRT_Components.IntLib
