Replace Part C1 Cap 220pF (0402) in D:\GitHub\Future\LaserDriver\Altium\LaserDriver.SchDoc with Cap 220pF (0402) from BRT_Components.IntLib
Replace Part C2 Cap 220pF (0402) in D:\GitHub\Future\LaserDriver\Altium\LaserDriver.SchDoc with Cap 220pF (0402) from BRT_Components.IntLib
Replace Part C3 Cap 220pF (0402) in D:\GitHub\Future\LaserDriver\Altium\LaserDriver.SchDoc with Cap 220pF (0402) from BRT_Components.IntLib
Replace Part C4 Cap 220pF (0402) in D:\GitHub\Future\LaserDriver\Altium\LaserDriver.SchDoc with Cap 220pF (0402) from BRT_Components.IntLib
Replace Part C5 Cap 220pF (0402) in D:\GitHub\Future\LaserDriver\Altium\LaserDriver.SchDoc with Cap 220pF (0402) from BRT_Components.IntLib
Replace Part C6 Cap 220pF (0402) in D:\GitHub\Future\LaserDriver\Altium\LaserDriver.SchDoc with Cap 220pF (0402) from BRT_Components.IntLib
Replace Part C7 Cap 220pF (0402) in D:\GitHub\Future\LaserDriver\Altium\LaserDriver.SchDoc with Cap 220pF (0402) from BRT_Components.IntLib
Replace Part C8 Cap 220pF (0402) in D:\GitHub\Future\LaserDriver\Altium\LaserDriver.SchDoc with Cap 220pF (0402) from BRT_Components.IntLib
Replace Part C9 Cap 220pF (0402) in D:\GitHub\Future\LaserDriver\Altium\LaserDriver.SchDoc with Cap 220pF (0402) from BRT_Components.IntLib
Replace Part C10 Cap 220pF (0402) in D:\GitHub\Future\LaserDriver\Altium\LaserDriver.SchDoc with Cap 220pF (0402) from BRT_Components.IntLib
Replace Part C11 Cap 220pF (0402) in D:\GitHub\Future\LaserDriver\Altium\LaserDriver.SchDoc with Cap 220pF (0402) from BRT_Components.IntLib
Replace Part C12 Cap 220pF (0402) in D:\GitHub\Future\LaserDriver\Altium\LaserDriver.SchDoc with Cap 220pF (0402) from BRT_Components.IntLib
Replace Part C13 Cap 220pF (0402) in D:\GitHub\Future\LaserDriver\Altium\LaserDriver.SchDoc with Cap 220pF (0402) from BRT_Components.IntLib
Replace Part C14 Cap 220pF (0402) in D:\GitHub\Future\LaserDriver\Altium\LaserDriver.SchDoc with Cap 220pF (0402) from BRT_Components.IntLib
Replace Part C15 Cap 220pF (0402) in D:\GitHub\Future\LaserDriver\Altium\LaserDriver.SchDoc with Cap 220pF (0402) from BRT_Components.IntLib
Replace Part C16 Cap 220pF (0402) in D:\GitHub\Future\LaserDriver\Altium\LaserDriver.SchDoc with Cap 220pF (0402) from BRT_Components.IntLib
Replace Part C17 Cap 220pF (0402) in D:\GitHub\Future\LaserDriver\Altium\LaserDriver.SchDoc with Cap 220pF (0402) from BRT_Components.IntLib
Replace Part C18 Cap 220pF (0402) in D:\GitHub\Future\LaserDriver\Altium\LaserDriver.SchDoc with Cap 220pF (0402) from BRT_Components.IntLib
Replace Part C19 Cap 220pF (0402) in D:\GitHub\Future\LaserDriver\Altium\LaserDriver.SchDoc with Cap 220pF (0402) from BRT_Components.IntLib
Replace Part C20 Cap 220pF (0402) in D:\GitHub\Future\LaserDriver\Altium\LaserDriver.SchDoc with Cap 220pF (0402) from BRT_Components.IntLib
Replace Part C21 Cap 0.1uF (0402) in D:\GitHub\Future\LaserDriver\Altium\LaserDriver.SchDoc with Cap 0.1uF (0402) from BRT_Components.IntLib
Replace Part C22 Cap 1uF (0402) in D:\GitHub\Future\LaserDriver\Altium\LaserDriver.SchDoc with Cap 1uF (0402) from BRT_Components.IntLib
Replace Part C23 Cap 1uF (0402) in D:\GitHub\Future\LaserDriver\Altium\LaserDriver.SchDoc with Cap 1uF (0402) from BRT_Components.IntLib
Replace Part C24 Cap 0.1uF (0402) in D:\GitHub\Future\LaserDriver\Altium\LaserDriver.SchDoc with Cap 0.1uF (0402) from BRT_Components.IntLib
Replace Part C25 Cap 0.1uF (0402) in D:\GitHub\Future\LaserDriver\Altium\LaserDriver.SchDoc with Cap 0.1uF (0402) from BRT_Components.IntLib
Replace Part C26 Cap 0.1uF (0402) in D:\GitHub\Future\LaserDriver\Altium\LaserDriver.SchDoc with Cap 0.1uF (0402) from BRT_Components.IntLib
Replace Part C27 Cap 0.1uF (0402) in D:\GitHub\Future\LaserDriver\Altium\LaserDriver.SchDoc with Cap 0.1uF (0402) from BRT_Components.IntLib
Replace Part C28 Cap 0.1uF (0402) in D:\GitHub\Future\LaserDriver\Altium\LaserDriver.SchDoc with Cap 0.1uF (0402) from BRT_Components.IntLib
Replace Part C29 Cap 8pF (0603) in D:\GitHub\Future\LaserDriver\Altium\LaserDriver.SchDoc with Cap 8pF (0603) from BRT_Components.IntLib
Replace Part C30 Cap 8pF (0603) in D:\GitHub\Future\LaserDriver\Altium\LaserDriver.SchDoc with Cap 8pF (0603) from BRT_Components.IntLib
Replace Part C31 Cap 0.1uF (0402) in D:\GitHub\Future\LaserDriver\Altium\LaserDriver.SchDoc with Cap 0.1uF (0402) from BRT_Components.IntLib
Replace Part D1 Laser 4 Channel in D:\GitHub\Future\LaserDriver\Altium\LaserDriver.SchDoc with Laser 4 Channel from BRT_Components.IntLib
Replace Part D2 Diode Schottky (SOD-123FL) in D:\GitHub\Future\LaserDriver\Altium\LaserDriver.SchDoc with Diode Schottky (SOD-123FL) from BRT_Components.IntLib
Replace Part D3 Diode Schottky (SOD-123FL) in D:\GitHub\Future\LaserDriver\Altium\LaserDriver.SchDoc with Diode Schottky (SOD-123FL) from BRT_Components.IntLib
Replace Part D4 Diode Schottky (SOD-123FL) in D:\GitHub\Future\LaserDriver\Altium\LaserDriver.SchDoc with Diode Schottky (SOD-123FL) from BRT_Components.IntLib
Replace Part D5 Diode Schottky (SOD-123FL) in D:\GitHub\Future\LaserDriver\Altium\LaserDriver.SchDoc with Diode Schottky (SOD-123FL) from BRT_Components.IntLib
Replace Part D6 Diode Schottky (SOD-123FL) in D:\GitHub\Future\LaserDriver\Altium\LaserDriver.SchDoc with Diode Schottky (SOD-123FL) from BRT_Components.IntLib
Replace Part J1 Conn 6 [DF13] in D:\GitHub\Future\LaserDriver\Altium\LaserDriver.SchDoc with Conn 6 [DF13] from BRT_Components.IntLib
Replace Part J2 Connector SMT in D:\GitHub\Future\LaserDriver\Altium\LaserDriver.SchDoc with Connector SMT from BRT_Components.IntLib
Replace Part L1 Ferrite Bead 330 (0402) in D:\GitHub\Future\LaserDriver\Altium\LaserDriver.SchDoc with Ferrite Bead 330 (0402) from BRT_Components.IntLib
Replace Part L2 Ferrite Bead 330 (0402) in D:\GitHub\Future\LaserDriver\Altium\LaserDriver.SchDoc with Ferrite Bead 330 (0402) from BRT_Components.IntLib
Replace Part L3 Ferrite Bead 330 (0402) in D:\GitHub\Future\LaserDriver\Altium\LaserDriver.SchDoc with Ferrite Bead 330 (0402) from BRT_Components.IntLib
Replace Part Q1 MOSFET-N x2 [FDC86] in D:\GitHub\Future\LaserDriver\Altium\LaserDriver.SchDoc with MOSFET-N x2 [FDC86] from BRT_Components.IntLib
Replace Part Q1 MOSFET-N x2 [FDC86] in D:\GitHub\Future\LaserDriver\Altium\LaserDriver.SchDoc with MOSFET-N x2 [FDC86] from BRT_Components.IntLib
Replace Part Q2 MOSFET-N x2 [FDC86] in D:\GitHub\Future\LaserDriver\Altium\LaserDriver.SchDoc with MOSFET-N x2 [FDC86] from BRT_Components.IntLib
Replace Part Q2 MOSFET-N x2 [FDC86] in D:\GitHub\Future\LaserDriver\Altium\LaserDriver.SchDoc with MOSFET-N x2 [FDC86] from BRT_Components.IntLib
Replace Part Q3 NPN [MMBT] in D:\GitHub\Future\LaserDriver\Altium\LaserDriver.SchDoc with NPN [MMBT] from BRT_Components.IntLib
Replace Part Q4 NPN [MMBT] in D:\GitHub\Future\LaserDriver\Altium\LaserDriver.SchDoc with NPN [MMBT] from BRT_Components.IntLib
Replace Part Q5 NPN [MMBT] in D:\GitHub\Future\LaserDriver\Altium\LaserDriver.SchDoc with NPN [MMBT] from BRT_Components.IntLib
Replace Part Q6 NPN [MMBT] in D:\GitHub\Future\LaserDriver\Altium\LaserDriver.SchDoc with NPN [MMBT] from BRT_Components.IntLib
Replace Part Q7 MOSFET-N [EPC] in D:\GitHub\Future\LaserDriver\Altium\LaserDriver.SchDoc with MOSFET-N [EPC] from BRT_Components.IntLib
Replace Part R1 Res 3.9k (0603) in D:\GitHub\Future\LaserDriver\Altium\LaserDriver.SchDoc with Res 3.9k (0603) from BRT_Components.IntLib
Replace Part R2 Res 3.9k (0603) in D:\GitHub\Future\LaserDriver\Altium\LaserDriver.SchDoc with Res 3.9k (0603) from BRT_Components.IntLib
Replace Part R3 Res 3.9k (0603) in D:\GitHub\Future\LaserDriver\Altium\LaserDriver.SchDoc with Res 3.9k (0603) from BRT_Components.IntLib
Replace Part R4 Res 3.9k (0603) in D:\GitHub\Future\LaserDriver\Altium\LaserDriver.SchDoc with Res 3.9k (0603) from BRT_Components.IntLib
Replace Part R5 Res 1k (0402) in D:\GitHub\Future\LaserDriver\Altium\LaserDriver.SchDoc with Res 1k (0402) from BRT_Components.IntLib
Replace Part R6 Res 200R (0402) in D:\GitHub\Future\LaserDriver\Altium\LaserDriver.SchDoc with Res 200R (0402) from BRT_Components.IntLib
Replace Part R7 Res 1k (0402) in D:\GitHub\Future\LaserDriver\Altium\LaserDriver.SchDoc with Res 1k (0402) from BRT_Components.IntLib
Replace Part R10 Res 200R (0402) in D:\GitHub\Future\LaserDriver\Altium\LaserDriver.SchDoc with Res 200R (0402) from BRT_Components.IntLib
Replace Part R11 Res 1k (0402) in D:\GitHub\Future\LaserDriver\Altium\LaserDriver.SchDoc with Res 1k (0402) from BRT_Components.IntLib
Replace Part R12 Res 200R (0402) in D:\GitHub\Future\LaserDriver\Altium\LaserDriver.SchDoc with Res 200R (0402) from BRT_Components.IntLib
Replace Part R13 Res 1k (0402) in D:\GitHub\Future\LaserDriver\Altium\LaserDriver.SchDoc with Res 1k (0402) from BRT_Components.IntLib
Replace Part R14 Res 200R (0402) in D:\GitHub\Future\LaserDriver\Altium\LaserDriver.SchDoc with Res 200R (0402) from BRT_Components.IntLib
Replace Part R17 Res 100R (0402) in D:\GitHub\Future\LaserDriver\Altium\LaserDriver.SchDoc with Res 100R (0402) from BRT_Components.IntLib
Replace Part R18 Res 51R (0603) in D:\GitHub\Future\LaserDriver\Altium\LaserDriver.SchDoc with Res 51R (0603) from BRT_Components.IntLib
Replace Part R19 Res 0.2R (0402) in D:\GitHub\Future\LaserDriver\Altium\LaserDriver.SchDoc with Res 0.2R (0402) from BRT_Components.IntLib
Replace Part R20 Res 0.2R (0402) in D:\GitHub\Future\LaserDriver\Altium\LaserDriver.SchDoc with Res 0.2R (0402) from BRT_Components.IntLib
Replace Part R21 Res 0.2R (0402) in D:\GitHub\Future\LaserDriver\Altium\LaserDriver.SchDoc with Res 0.2R (0402) from BRT_Components.IntLib
Replace Part R22 Res 0.2R (0402) in D:\GitHub\Future\LaserDriver\Altium\LaserDriver.SchDoc with Res 0.2R (0402) from BRT_Components.IntLib
Replace Part R23 Res 0.2R (0402) in D:\GitHub\Future\LaserDriver\Altium\LaserDriver.SchDoc with Res 0.2R (0402) from BRT_Components.IntLib
Replace Part R24 Res 180R (0603) in D:\GitHub\Future\LaserDriver\Altium\LaserDriver.SchDoc with Res 180R (0603) from BRT_Components.IntLib
Replace Part R25 Res 10k (0402) in D:\GitHub\Future\LaserDriver\Altium\LaserDriver.SchDoc with Res 10k (0402) from BRT_Components.IntLib
Replace Part R26 Res 1k (0402) in D:\GitHub\Future\LaserDriver\Altium\LaserDriver.SchDoc with Res 1k (0402) from BRT_Components.IntLib
Replace Part TP1 TestPoint in D:\GitHub\Future\LaserDriver\Altium\LaserDriver.SchDoc with TestPoint from BRT_Components.IntLib
Replace Part TP2 TestPoint in D:\GitHub\Future\LaserDriver\Altium\LaserDriver.SchDoc with TestPoint from BRT_Components.IntLib
Replace Part TP3 TestPoint in D:\GitHub\Future\LaserDriver\Altium\LaserDriver.SchDoc with TestPoint from BRT_Components.IntLib
Replace Part TP4 TestPoint in D:\GitHub\Future\LaserDriver\Altium\LaserDriver.SchDoc with TestPoint from BRT_Components.IntLib
Replace Part TP5 TestPoint in D:\GitHub\Future\LaserDriver\Altium\LaserDriver.SchDoc with TestPoint from BRT_Components.IntLib
Replace Part TP6 TestPoint in D:\GitHub\Future\LaserDriver\Altium\LaserDriver.SchDoc with TestPoint from BRT_Components.IntLib
Replace Part TP7 TestPoint in D:\GitHub\Future\LaserDriver\Altium\LaserDriver.SchDoc with TestPoint from BRT_Components.IntLib
Replace Part TP8 TestPoint in D:\GitHub\Future\LaserDriver\Altium\LaserDriver.SchDoc with TestPoint from BRT_Components.IntLib
Replace Part TP9 TestPoint in D:\GitHub\Future\LaserDriver\Altium\LaserDriver.SchDoc with TestPoint from BRT_Components.IntLib
Replace Part U1 Inverter (SN74) in D:\GitHub\Future\LaserDriver\Altium\LaserDriver.SchDoc with Inverter (SN74) from BRT_Components.IntLib
Replace Part U1 Inverter (SN74) in D:\GitHub\Future\LaserDriver\Altium\LaserDriver.SchDoc with Inverter (SN74) from BRT_Components.IntLib
Replace Part U2 Inverter (SN74) in D:\GitHub\Future\LaserDriver\Altium\LaserDriver.SchDoc with Inverter (SN74) from BRT_Components.IntLib
Replace Part U2 Inverter (SN74) in D:\GitHub\Future\LaserDriver\Altium\LaserDriver.SchDoc with Inverter (SN74) from BRT_Components.IntLib
Replace Part U3 Inverter (SN74) in D:\GitHub\Future\LaserDriver\Altium\LaserDriver.SchDoc with Inverter (SN74) from BRT_Components.IntLib
Replace Part U4 LDO 1.8V [ADP] in D:\GitHub\Future\LaserDriver\Altium\LaserDriver.SchDoc with LDO 1.8V [ADP] from BRT_Components.IntLib
Replace Part U5 Inverter (SN74) in D:\GitHub\Future\LaserDriver\Altium\LaserDriver.SchDoc with Inverter (SN74) from BRT_Components.IntLib
Replace Part U6 4(2NAND) 1.5V Logic in D:\GitHub\Future\LaserDriver\Altium\LaserDriver.SchDoc with 4(2NAND) 1.5V Logic from BRT_Components.IntLib
Replace Part U6 4(2NAND) 1.5V Logic in D:\GitHub\Future\LaserDriver\Altium\LaserDriver.SchDoc with 4(2NAND) 1.5V Logic from BRT_Components.IntLib
Replace Part U6 4(2NAND) 1.5V Logic in D:\GitHub\Future\LaserDriver\Altium\LaserDriver.SchDoc with 4(2NAND) 1.5V Logic from BRT_Components.IntLib
Replace Part U6 4(2NAND) 1.5V Logic in D:\GitHub\Future\LaserDriver\Altium\LaserDriver.SchDoc with 4(2NAND) 1.5V Logic from BRT_Components.IntLib
Replace Part U6 4(2NAND) 1.5V Logic in D:\GitHub\Future\LaserDriver\Altium\LaserDriver.SchDoc with 4(2NAND) 1.5V Logic from BRT_Components.IntLib
Replace Part U7 OpAmp [OPA354] in D:\GitHub\Future\LaserDriver\Altium\LaserDriver.SchDoc with OpAmp [OPA354] from BRT_Components.IntLib
Replace Part U8 Buffer [NC7] in D:\GitHub\Future\LaserDriver\Altium\LaserDriver.SchDoc with Buffer [NC7] from BRT_Components.IntLib
Replace Part U9 MOSFET Driver [LMG] in D:\GitHub\Future\LaserDriver\Altium\LaserDriver.SchDoc with MOSFET Driver [LMG] from BRT_Components.IntLib
