Removed Pin From Net: NetName=+1.8V Pin=C32-1
Removed Pin From Net: NetName=GND Pin=C32-2
Removed Pin From Net: NetName=+1.8V Pin=U3-1
Removed Pin From Net: NetName=NetJ1_4 Pin=U3-2
Removed Pin From Net: NetName=Start_Sig Pin=U3-3
Removed Pin From Net: NetName=+1.8V Pin=U3-4
Removed Pin From Net: NetName=LaserChoice_0 Pin=U3-5
Removed Pin From Net: NetName=+1.8V Pin=U3-7
Removed Pin From Net: NetName=LaserChoice_1 Pin=U3-9
Removed Pin From Net: NetName=+1.8V Pin=U3-10
Removed Pin From Net: NetName=Start_Sig Pin=U3-11
Removed Pin From Net: NetName=NetJ1_5 Pin=U3-12
Removed Pin From Net: NetName=+1.8V Pin=U3-13
Removed Pin From Net: NetName=GND Pin=U3-14
Change Component Footprint: Designator=U3 Old Footprint=SOIC-14 New Footprint=SOT236
Change component parameters: Designator = "U3" ("U3"); Footprint = "SOIC-14"; UniqueID = "\ZYTEDRBH" ("\ZYTEDRBH")
Change component parameters (AddParameter): Name = "ComponentLink1Description"; Value = "DataSheet"; VariantName = "[No Variations]"
Change component parameters (AddParameter): Name = "ComponentLink1URL"; Value = "https://static.chipdip.ru/lib/170/DOC001170956.pdf"; VariantName = "[No Variations]"
Change component parameters (AddParameter): Name = "ComponentLink2Description"; Value = "Chip&Dip"; VariantName = "[No Variations]"
Change component parameters (AddParameter): Name = "ComponentLink2URL"; Value = "https://www.chipdip.ru/product/sn74lvc1g175dbvr"; VariantName = "[No Variations]"
Change component parameters (AddParameter): Name = "Manufacturer"; Value = "Texas Instruments"; VariantName = "[No Variations]"
Change component parameters (AddParameter): Name = "Part Number"; Value = "SN74LVC1G175DBVR"; VariantName = "[No Variations]"
Change component parameters (AddParameter): Name = "Type"; Value = "IC"; VariantName = "[No Variations]"
Added Component: Designator=C33(0402 Capicator)
Add component (AddParameter): Name = "ComponentLink1Description"; Value = "Chip&Dip"; VariantName = "[No Variations]"
Add component (AddParameter): Name = "ComponentLink1URL"; Value = "https://www.chipdip.ru/product/grm155r71c104k"; VariantName = "[No Variations]"
Add component (AddParameter): Name = "Manufacturer"; Value = "Murata Electronics"; VariantName = "[No Variations]"
Add component (AddParameter): Name = "Part Number"; Value = "GRM155R71C104KA88B"; VariantName = "[No Variations]"
Add component (AddParameter): Name = "Type"; Value = "Capacitor"; VariantName = "[No Variations]"
Added Component: Designator=U5(SOT236)
Add component (AddParameter): Name = "ComponentLink1Description"; Value = "DataSheet"; VariantName = "[No Variations]"
Add component (AddParameter): Name = "ComponentLink1URL"; Value = "https://static.chipdip.ru/lib/170/DOC001170956.pdf"; VariantName = "[No Variations]"
Add component (AddParameter): Name = "ComponentLink2Description"; Value = "Chip&Dip"; VariantName = "[No Variations]"
Add component (AddParameter): Name = "ComponentLink2URL"; Value = "https://www.chipdip.ru/product/sn74lvc1g175dbvr"; VariantName = "[No Variations]"
Add component (AddParameter): Name = "Manufacturer"; Value = "Texas Instruments"; VariantName = "[No Variations]"
Add component (AddParameter): Name = "Part Number"; Value = "SN74LVC1G175DBVR"; VariantName = "[No Variations]"
Add component (AddParameter): Name = "Type"; Value = "IC"; VariantName = "[No Variations]"
Added Pin To Net: NetName=GND Pin=C32-1
Added Pin To Net: NetName=+1.8V Pin=C32-2
Added Pin To Net: NetName=GND Pin=C33-1
Added Pin To Net: NetName=+1.8V Pin=C33-2
Added Pin To Net: NetName=Start_Sig Pin=U3-1
Added Pin To Net: NetName=GND Pin=U3-2
Added Pin To Net: NetName=NetJ1_4 Pin=U3-3
Added Pin To Net: NetName=LaserChoice_0 Pin=U3-4
Added Pin To Net: NetName=+1.8V Pin=U3-5
Added Pin To Net: NetName=+1.8V Pin=U3-6
Added Pin To Net: NetName=Start_Sig Pin=U5-1
Added Pin To Net: NetName=GND Pin=U5-2
Added Pin To Net: NetName=NetJ1_5 Pin=U5-3
Added Pin To Net: NetName=LaserChoice_1 Pin=U5-4
Added Pin To Net: NetName=+1.8V Pin=U5-5
Added Pin To Net: NetName=+1.8V Pin=U5-6
Added Member To Class: ClassName=LaserDriver Member=Component C33 0.1uF, 16V
Added Member To Class: ClassName=LaserDriver Member=Component J1 DF13-6P
Added Member To Class: ClassName=LaserDriver Member=Component U5 D-Trig
