Removed Pin From Net: NetName=LaserChoice_0 Pin=U1-1
Removed Pin From Net: NetName=LaserChoice_1 Pin=U1-3
Removed Pin From Net: NetName=NetU1_4 Pin=U1-4
Removed Pin From Net: NetName=NetU1_6 Pin=U1-6
Removed Pin From Net: NetName=LaserChoice_0 Pin=U2-1
Removed Pin From Net: NetName=LaserChoice_1 Pin=U2-3
Removed Pin From Net: NetName=NetU2_4 Pin=U2-4
Removed Pin From Net: NetName=NetU2_6 Pin=U2-6
Removed Member From Class: ClassName=LaserDriver Member=U3
Removed Member From Class: ClassName=LaserDriver Member=U5
Change Component Designator: OldDesignator=U3 NewDesignator=U1
Change Component Designator: OldDesignator=U5 NewDesignator=U2
Added Pin To Net: NetName=LaserChoice_0 Pin=U1-1
Added Pin To Net: NetName=LaserChoice_1 Pin=U1-3
Added Pin To Net: NetName=NetU1_4 Pin=U1-4
Added Pin To Net: NetName=NetU1_6 Pin=U1-6
Added Pin To Net: NetName=LaserChoice_0 Pin=U2-1
Added Pin To Net: NetName=LaserChoice_1 Pin=U2-3
Added Pin To Net: NetName=NetU2_4 Pin=U2-4
Added Pin To Net: NetName=NetU2_6 Pin=U2-6
