Removed Pin From Net: NetName=+5V Pin=D?-1
Change Component Designator: OldDesignator=D? NewDesignator=D1
Added Component: Designator=C1(0402 Capicator)
Add component (AddParameter): Name = "ComponentLink1Description"; Value = "Chip&Dip"; VariantName = "[No Variations]"
Add component (AddParameter): Name = "ComponentLink1URL"; Value = "https://www.chipdip.ru/product/c1005c0g2a221j050ba"; VariantName = "[No Variations]"
Add component (AddParameter): Name = "Manufacturer"; Value = "TDK"; VariantName = "[No Variations]"
Add component (AddParameter): Name = "Part Number"; Value = "C1005C0G2A221J050BA"; VariantName = "[No Variations]"
Add component (AddParameter): Name = "Type"; Value = "Capacitor"; VariantName = "[No Variations]"
Added Component: Designator=C2(0402 Capicator)
Add component (AddParameter): Name = "ComponentLink1Description"; Value = "Chip&Dip"; VariantName = "[No Variations]"
Add component (AddParameter): Name = "ComponentLink1URL"; Value = "https://www.chipdip.ru/product/c1005c0g2a221j050ba"; VariantName = "[No Variations]"
Add component (AddParameter): Name = "Manufacturer"; Value = "TDK"; VariantName = "[No Variations]"
Add component (AddParameter): Name = "Part Number"; Value = "C1005C0G2A221J050BA"; VariantName = "[No Variations]"
Add component (AddParameter): Name = "Type"; Value = "Capacitor"; VariantName = "[No Variations]"
Added Component: Designator=C3(0402 Capicator)
Add component (AddParameter): Name = "ComponentLink1Description"; Value = "Chip&Dip"; VariantName = "[No Variations]"
Add component (AddParameter): Name = "ComponentLink1URL"; Value = "https://www.chipdip.ru/product/c1005c0g2a221j050ba"; VariantName = "[No Variations]"
Add component (AddParameter): Name = "Manufacturer"; Value = "TDK"; VariantName = "[No Variations]"
Add component (AddParameter): Name = "Part Number"; Value = "C1005C0G2A221J050BA"; VariantName = "[No Variations]"
Add component (AddParameter): Name = "Type"; Value = "Capacitor"; VariantName = "[No Variations]"
Added Component: Designator=C4(0402 Capicator)
Add component (AddParameter): Name = "ComponentLink1Description"; Value = "Chip&Dip"; VariantName = "[No Variations]"
Add component (AddParameter): Name = "ComponentLink1URL"; Value = "https://www.chipdip.ru/product/c1005c0g2a221j050ba"; VariantName = "[No Variations]"
Add component (AddParameter): Name = "Manufacturer"; Value = "TDK"; VariantName = "[No Variations]"
Add component (AddParameter): Name = "Part Number"; Value = "C1005C0G2A221J050BA"; VariantName = "[No Variations]"
Add component (AddParameter): Name = "Type"; Value = "Capacitor"; VariantName = "[No Variations]"
Added Component: Designator=C5(0402 Capicator)
Add component (AddParameter): Name = "ComponentLink1Description"; Value = "Chip&Dip"; VariantName = "[No Variations]"
Add component (AddParameter): Name = "ComponentLink1URL"; Value = "https://www.chipdip.ru/product/c1005c0g2a221j050ba"; VariantName = "[No Variations]"
Add component (AddParameter): Name = "Manufacturer"; Value = "TDK"; VariantName = "[No Variations]"
Add component (AddParameter): Name = "Part Number"; Value = "C1005C0G2A221J050BA"; VariantName = "[No Variations]"
Add component (AddParameter): Name = "Type"; Value = "Capacitor"; VariantName = "[No Variations]"
Added Component: Designator=C6(0402 Capicator)
Add component (AddParameter): Name = "ComponentLink1Description"; Value = "Chip&Dip"; VariantName = "[No Variations]"
Add component (AddParameter): Name = "ComponentLink1URL"; Value = "https://www.chipdip.ru/product/c1005c0g2a221j050ba"; VariantName = "[No Variations]"
Add component (AddParameter): Name = "Manufacturer"; Value = "TDK"; VariantName = "[No Variations]"
Add component (AddParameter): Name = "Part Number"; Value = "C1005C0G2A221J050BA"; VariantName = "[No Variations]"
Add component (AddParameter): Name = "Type"; Value = "Capacitor"; VariantName = "[No Variations]"
Added Component: Designator=C7(0402 Capicator)
Add component (AddParameter): Name = "ComponentLink1Description"; Value = "Chip&Dip"; VariantName = "[No Variations]"
Add component (AddParameter): Name = "ComponentLink1URL"; Value = "https://www.chipdip.ru/product/c1005c0g2a221j050ba"; VariantName = "[No Variations]"
Add component (AddParameter): Name = "Manufacturer"; Value = "TDK"; VariantName = "[No Variations]"
Add component (AddParameter): Name = "Part Number"; Value = "C1005C0G2A221J050BA"; VariantName = "[No Variations]"
Add component (AddParameter): Name = "Type"; Value = "Capacitor"; VariantName = "[No Variations]"
Added Component: Designator=C8(0402 Capicator)
Add component (AddParameter): Name = "ComponentLink1Description"; Value = "Chip&Dip"; VariantName = "[No Variations]"
Add component (AddParameter): Name = "ComponentLink1URL"; Value = "https://www.chipdip.ru/product/c1005c0g2a221j050ba"; VariantName = "[No Variations]"
Add component (AddParameter): Name = "Manufacturer"; Value = "TDK"; VariantName = "[No Variations]"
Add component (AddParameter): Name = "Part Number"; Value = "C1005C0G2A221J050BA"; VariantName = "[No Variations]"
Add component (AddParameter): Name = "Type"; Value = "Capacitor"; VariantName = "[No Variations]"
Added Component: Designator=C9(0402 Capicator)
Add component (AddParameter): Name = "ComponentLink1Description"; Value = "Chip&Dip"; VariantName = "[No Variations]"
Add component (AddParameter): Name = "ComponentLink1URL"; Value = "https://www.chipdip.ru/product/c1005c0g2a221j050ba"; VariantName = "[No Variations]"
Add component (AddParameter): Name = "Manufacturer"; Value = "TDK"; VariantName = "[No Variations]"
Add component (AddParameter): Name = "Part Number"; Value = "C1005C0G2A221J050BA"; VariantName = "[No Variations]"
Add component (AddParameter): Name = "Type"; Value = "Capacitor"; VariantName = "[No Variations]"
Added Component: Designator=C10(0402 Capicator)
Add component (AddParameter): Name = "ComponentLink1Description"; Value = "Chip&Dip"; VariantName = "[No Variations]"
Add component (AddParameter): Name = "ComponentLink1URL"; Value = "https://www.chipdip.ru/product/c1005c0g2a221j050ba"; VariantName = "[No Variations]"
Add component (AddParameter): Name = "Manufacturer"; Value = "TDK"; VariantName = "[No Variations]"
Add component (AddParameter): Name = "Part Number"; Value = "C1005C0G2A221J050BA"; VariantName = "[No Variations]"
Add component (AddParameter): Name = "Type"; Value = "Capacitor"; VariantName = "[No Variations]"
Added Component: Designator=C11(0402 Capicator)
Add component (AddParameter): Name = "ComponentLink1Description"; Value = "Chip&Dip"; VariantName = "[No Variations]"
Add component (AddParameter): Name = "ComponentLink1URL"; Value = "https://www.chipdip.ru/product/c1005c0g2a221j050ba"; VariantName = "[No Variations]"
Add component (AddParameter): Name = "Manufacturer"; Value = "TDK"; VariantName = "[No Variations]"
Add component (AddParameter): Name = "Part Number"; Value = "C1005C0G2A221J050BA"; VariantName = "[No Variations]"
Add component (AddParameter): Name = "Type"; Value = "Capacitor"; VariantName = "[No Variations]"
Added Component: Designator=C12(0402 Capicator)
Add component (AddParameter): Name = "ComponentLink1Description"; Value = "Chip&Dip"; VariantName = "[No Variations]"
Add component (AddParameter): Name = "ComponentLink1URL"; Value = "https://www.chipdip.ru/product/c1005c0g2a221j050ba"; VariantName = "[No Variations]"
Add component (AddParameter): Name = "Manufacturer"; Value = "TDK"; VariantName = "[No Variations]"
Add component (AddParameter): Name = "Part Number"; Value = "C1005C0G2A221J050BA"; VariantName = "[No Variations]"
Add component (AddParameter): Name = "Type"; Value = "Capacitor"; VariantName = "[No Variations]"
Added Component: Designator=C13(0402 Capicator)
Add component (AddParameter): Name = "ComponentLink1Description"; Value = "Chip&Dip"; VariantName = "[No Variations]"
Add component (AddParameter): Name = "ComponentLink1URL"; Value = "https://www.chipdip.ru/product/c1005c0g2a221j050ba"; VariantName = "[No Variations]"
Add component (AddParameter): Name = "Manufacturer"; Value = "TDK"; VariantName = "[No Variations]"
Add component (AddParameter): Name = "Part Number"; Value = "C1005C0G2A221J050BA"; VariantName = "[No Variations]"
Add component (AddParameter): Name = "Type"; Value = "Capacitor"; VariantName = "[No Variations]"
Added Component: Designator=C14(0402 Capicator)
Add component (AddParameter): Name = "ComponentLink1Description"; Value = "Chip&Dip"; VariantName = "[No Variations]"
Add component (AddParameter): Name = "ComponentLink1URL"; Value = "https://www.chipdip.ru/product/c1005c0g2a221j050ba"; VariantName = "[No Variations]"
Add component (AddParameter): Name = "Manufacturer"; Value = "TDK"; VariantName = "[No Variations]"
Add component (AddParameter): Name = "Part Number"; Value = "C1005C0G2A221J050BA"; VariantName = "[No Variations]"
Add component (AddParameter): Name = "Type"; Value = "Capacitor"; VariantName = "[No Variations]"
Added Component: Designator=C15(0402 Capicator)
Add component (AddParameter): Name = "ComponentLink1Description"; Value = "Chip&Dip"; VariantName = "[No Variations]"
Add component (AddParameter): Name = "ComponentLink1URL"; Value = "https://www.chipdip.ru/product/c1005c0g2a221j050ba"; VariantName = "[No Variations]"
Add component (AddParameter): Name = "Manufacturer"; Value = "TDK"; VariantName = "[No Variations]"
Add component (AddParameter): Name = "Part Number"; Value = "C1005C0G2A221J050BA"; VariantName = "[No Variations]"
Add component (AddParameter): Name = "Type"; Value = "Capacitor"; VariantName = "[No Variations]"
Added Component: Designator=C16(0402 Capicator)
Add component (AddParameter): Name = "ComponentLink1Description"; Value = "Chip&Dip"; VariantName = "[No Variations]"
Add component (AddParameter): Name = "ComponentLink1URL"; Value = "https://www.chipdip.ru/product/c1005c0g2a221j050ba"; VariantName = "[No Variations]"
Add component (AddParameter): Name = "Manufacturer"; Value = "TDK"; VariantName = "[No Variations]"
Add component (AddParameter): Name = "Part Number"; Value = "C1005C0G2A221J050BA"; VariantName = "[No Variations]"
Add component (AddParameter): Name = "Type"; Value = "Capacitor"; VariantName = "[No Variations]"
Added Component: Designator=C17(0402 Capicator)
Add component (AddParameter): Name = "ComponentLink1Description"; Value = "Chip&Dip"; VariantName = "[No Variations]"
Add component (AddParameter): Name = "ComponentLink1URL"; Value = "https://www.chipdip.ru/product/c1005c0g2a221j050ba"; VariantName = "[No Variations]"
Add component (AddParameter): Name = "Manufacturer"; Value = "TDK"; VariantName = "[No Variations]"
Add component (AddParameter): Name = "Part Number"; Value = "C1005C0G2A221J050BA"; VariantName = "[No Variations]"
Add component (AddParameter): Name = "Type"; Value = "Capacitor"; VariantName = "[No Variations]"
Added Component: Designator=C18(0402 Capicator)
Add component (AddParameter): Name = "ComponentLink1Description"; Value = "Chip&Dip"; VariantName = "[No Variations]"
Add component (AddParameter): Name = "ComponentLink1URL"; Value = "https://www.chipdip.ru/product/c1005c0g2a221j050ba"; VariantName = "[No Variations]"
Add component (AddParameter): Name = "Manufacturer"; Value = "TDK"; VariantName = "[No Variations]"
Add component (AddParameter): Name = "Part Number"; Value = "C1005C0G2A221J050BA"; VariantName = "[No Variations]"
Add component (AddParameter): Name = "Type"; Value = "Capacitor"; VariantName = "[No Variations]"
Added Component: Designator=C19(0402 Capicator)
Add component (AddParameter): Name = "ComponentLink1Description"; Value = "Chip&Dip"; VariantName = "[No Variations]"
Add component (AddParameter): Name = "ComponentLink1URL"; Value = "https://www.chipdip.ru/product/c1005c0g2a221j050ba"; VariantName = "[No Variations]"
Add component (AddParameter): Name = "Manufacturer"; Value = "TDK"; VariantName = "[No Variations]"
Add component (AddParameter): Name = "Part Number"; Value = "C1005C0G2A221J050BA"; VariantName = "[No Variations]"
Add component (AddParameter): Name = "Type"; Value = "Capacitor"; VariantName = "[No Variations]"
Added Component: Designator=C20(0402 Capicator)
Add component (AddParameter): Name = "ComponentLink1Description"; Value = "Chip&Dip"; VariantName = "[No Variations]"
Add component (AddParameter): Name = "ComponentLink1URL"; Value = "https://www.chipdip.ru/product/c1005c0g2a221j050ba"; VariantName = "[No Variations]"
Add component (AddParameter): Name = "Manufacturer"; Value = "TDK"; VariantName = "[No Variations]"
Add component (AddParameter): Name = "Part Number"; Value = "C1005C0G2A221J050BA"; VariantName = "[No Variations]"
Add component (AddParameter): Name = "Type"; Value = "Capacitor"; VariantName = "[No Variations]"
Added Component: Designator=C21(0603 Capicator)
Add component (AddParameter): Name = "ComponentLink1Description"; Value = "Chip&Dip"; VariantName = "[No Variations]"
Add component (AddParameter): Name = "ComponentLink1URL"; Value = "https://www.chipdip.ru/product/grm188r71c104ka01d"; VariantName = "[No Variations]"
Add component (AddParameter): Name = "Manufacturer"; Value = "Murata Manufacturing"; VariantName = "[No Variations]"
Add component (AddParameter): Name = "Part Number"; Value = "GRM188R71C104KA01D"; VariantName = "[No Variations]"
Add component (AddParameter): Name = "Type"; Value = "Capacitor"; VariantName = "[No Variations]"
Added Component: Designator=C22(0603 Capicator)
Add component (AddParameter): Name = "ComponentLink1Description"; Value = "Chip&Dip"; VariantName = "[No Variations]"
Add component (AddParameter): Name = "ComponentLink1URL"; Value = "https://www.chipdip.ru/product/grm188r61e105k"; VariantName = "[No Variations]"
Add component (AddParameter): Name = "Manufacturer"; Value = "Murata Manufacturing"; VariantName = "[No Variations]"
Add component (AddParameter): Name = "Part Number"; Value = "GRM188R61E105KAADD"; VariantName = "[No Variations]"
Add component (AddParameter): Name = "Type"; Value = "Capacitor"; VariantName = "[No Variations]"
Added Component: Designator=C23(0603 Capicator)
Add component (AddParameter): Name = "ComponentLink1Description"; Value = "Chip&Dip"; VariantName = "[No Variations]"
Add component (AddParameter): Name = "ComponentLink1URL"; Value = "https://www.chipdip.ru/product/grm188r61e105k"; VariantName = "[No Variations]"
Add component (AddParameter): Name = "Manufacturer"; Value = "Murata Manufacturing"; VariantName = "[No Variations]"
Add component (AddParameter): Name = "Part Number"; Value = "GRM188R61E105KAADD"; VariantName = "[No Variations]"
Add component (AddParameter): Name = "Type"; Value = "Capacitor"; VariantName = "[No Variations]"
Added Component: Designator=C24(0603 Capicator)
Add component (AddParameter): Name = "ComponentLink1Description"; Value = "Chip&Dip"; VariantName = "[No Variations]"
Add component (AddParameter): Name = "ComponentLink1URL"; Value = "https://www.chipdip.ru/product/grm188r71c104ka01d"; VariantName = "[No Variations]"
Add component (AddParameter): Name = "Manufacturer"; Value = "Murata Manufacturing"; VariantName = "[No Variations]"
Add component (AddParameter): Name = "Part Number"; Value = "GRM188R71C104KA01D"; VariantName = "[No Variations]"
Add component (AddParameter): Name = "Type"; Value = "Capacitor"; VariantName = "[No Variations]"
Added Component: Designator=C25(0603 Capicator)
Add component (AddParameter): Name = "ComponentLink1Description"; Value = "Chip&Dip"; VariantName = "[No Variations]"
Add component (AddParameter): Name = "ComponentLink1URL"; Value = "https://www.chipdip.ru/product/grm188r71c104ka01d"; VariantName = "[No Variations]"
Add component (AddParameter): Name = "Manufacturer"; Value = "Murata Manufacturing"; VariantName = "[No Variations]"
Add component (AddParameter): Name = "Part Number"; Value = "GRM188R71C104KA01D"; VariantName = "[No Variations]"
Add component (AddParameter): Name = "Type"; Value = "Capacitor"; VariantName = "[No Variations]"
Added Component: Designator=C26(0603 Capicator)
Add component (AddParameter): Name = "ComponentLink1Description"; Value = "Chip&Dip"; VariantName = "[No Variations]"
Add component (AddParameter): Name = "ComponentLink1URL"; Value = "https://www.chipdip.ru/product/grm188r71c104ka01d"; VariantName = "[No Variations]"
Add component (AddParameter): Name = "Manufacturer"; Value = "Murata Manufacturing"; VariantName = "[No Variations]"
Add component (AddParameter): Name = "Part Number"; Value = "GRM188R71C104KA01D"; VariantName = "[No Variations]"
Add component (AddParameter): Name = "Type"; Value = "Capacitor"; VariantName = "[No Variations]"
Added Component: Designator=C27(0603 Capicator)
Add component (AddParameter): Name = "ComponentLink1Description"; Value = "Chip&Dip"; VariantName = "[No Variations]"
Add component (AddParameter): Name = "ComponentLink1URL"; Value = "https://www.chipdip.ru/product/grm188r71c104ka01d"; VariantName = "[No Variations]"
Add component (AddParameter): Name = "Manufacturer"; Value = "Murata Manufacturing"; VariantName = "[No Variations]"
Add component (AddParameter): Name = "Part Number"; Value = "GRM188R71C104KA01D"; VariantName = "[No Variations]"
Add component (AddParameter): Name = "Type"; Value = "Capacitor"; VariantName = "[No Variations]"
Added Component: Designator=C28(0603 Capicator)
Add component (AddParameter): Name = "ComponentLink1Description"; Value = "Chip&Dip"; VariantName = "[No Variations]"
Add component (AddParameter): Name = "ComponentLink1URL"; Value = "https://www.chipdip.ru/product/grm188r71c104ka01d"; VariantName = "[No Variations]"
Add component (AddParameter): Name = "Manufacturer"; Value = "Murata Manufacturing"; VariantName = "[No Variations]"
Add component (AddParameter): Name = "Part Number"; Value = "GRM188R71C104KA01D"; VariantName = "[No Variations]"
Add component (AddParameter): Name = "Type"; Value = "Capacitor"; VariantName = "[No Variations]"
Added Component: Designator=C29(0603 Capicator)
Add component (AddParameter): Name = "ComponentLink1Description"; Value = "DigiKey"; VariantName = "[No Variations]"
Add component (AddParameter): Name = "ComponentLink1URL"; Value = "https://www.digikey.com/en/products/detail/murata-electronics/GRM1885C1H8R0BA01D/4421695?s=N4IgTCBcDaIOICUCyBGAHGgrAYRQCTQQAYAhAQSJQBEQBdAXyA"; VariantName = "[No Variations]"
Add component (AddParameter): Name = "Manufacturer"; Value = "Murata Electronics"; VariantName = "[No Variations]"
Add component (AddParameter): Name = "Part Number"; Value = "GRM1885C1H8R0BA01D"; VariantName = "[No Variations]"
Add component (AddParameter): Name = "Type"; Value = "Capacitor"; VariantName = "[No Variations]"
Added Component: Designator=C30(0603 Capicator)
Add component (AddParameter): Name = "ComponentLink1Description"; Value = "DigiKey"; VariantName = "[No Variations]"
Add component (AddParameter): Name = "ComponentLink1URL"; Value = "https://www.digikey.com/en/products/detail/murata-electronics/GRM1885C1H8R0BA01D/4421695?s=N4IgTCBcDaIOICUCyBGAHGgrAYRQCTQQAYAhAQSJQBEQBdAXyA"; VariantName = "[No Variations]"
Add component (AddParameter): Name = "Manufacturer"; Value = "Murata Electronics"; VariantName = "[No Variations]"
Add component (AddParameter): Name = "Part Number"; Value = "GRM1885C1H8R0BA01D"; VariantName = "[No Variations]"
Add component (AddParameter): Name = "Type"; Value = "Capacitor"; VariantName = "[No Variations]"
Added Component: Designator=C31(0603 Capicator)
Add component (AddParameter): Name = "ComponentLink1Description"; Value = "Chip&Dip"; VariantName = "[No Variations]"
Add component (AddParameter): Name = "ComponentLink1URL"; Value = "https://www.chipdip.ru/product/grm188r71c104ka01d"; VariantName = "[No Variations]"
Add component (AddParameter): Name = "Manufacturer"; Value = "Murata Manufacturing"; VariantName = "[No Variations]"
Add component (AddParameter): Name = "Part Number"; Value = "GRM188R71C104KA01D"; VariantName = "[No Variations]"
Add component (AddParameter): Name = "Type"; Value = "Capacitor"; VariantName = "[No Variations]"
Added Component: Designator=D2(SOD-123FL)
Add component (AddParameter): Name = "ComponentLink1Description"; Value = "DataSheet"; VariantName = "[No Variations]"
Add component (AddParameter): Name = "ComponentLink1URL"; Value = "https://static.chipdip.ru/lib/152/DOC001152954.pdf"; VariantName = "[No Variations]"
Add component (AddParameter): Name = "ComponentLink2Description"; Value = "Chip&Dip"; VariantName = "[No Variations]"
Add component (AddParameter): Name = "ComponentLink2URL"; Value = "https://www.chipdip.ru/product/s120"; VariantName = "[No Variations]"
Add component (AddParameter): Name = "Manufacturer"; Value = "Yangzhou Yangjie Electronic Technology Co"; VariantName = "[No Variations]"
Add component (AddParameter): Name = "Part Number"; Value = "S120"; VariantName = "[No Variations]"
Add component (AddParameter): Name = "Type"; Value = "Diode"; VariantName = "[No Variations]"
Added Component: Designator=D3(SOD-123FL)
Add component (AddParameter): Name = "ComponentLink1Description"; Value = "DataSheet"; VariantName = "[No Variations]"
Add component (AddParameter): Name = "ComponentLink1URL"; Value = "https://static.chipdip.ru/lib/152/DOC001152954.pdf"; VariantName = "[No Variations]"
Add component (AddParameter): Name = "ComponentLink2Description"; Value = "Chip&Dip"; VariantName = "[No Variations]"
Add component (AddParameter): Name = "ComponentLink2URL"; Value = "https://www.chipdip.ru/product/s120"; VariantName = "[No Variations]"
Add component (AddParameter): Name = "Manufacturer"; Value = "Yangzhou Yangjie Electronic Technology Co"; VariantName = "[No Variations]"
Add component (AddParameter): Name = "Part Number"; Value = "S120"; VariantName = "[No Variations]"
Add component (AddParameter): Name = "Type"; Value = "Diode"; VariantName = "[No Variations]"
Added Component: Designator=D4(SOD-123FL)
Add component (AddParameter): Name = "ComponentLink1Description"; Value = "DataSheet"; VariantName = "[No Variations]"
Add component (AddParameter): Name = "ComponentLink1URL"; Value = "https://static.chipdip.ru/lib/152/DOC001152954.pdf"; VariantName = "[No Variations]"
Add component (AddParameter): Name = "ComponentLink2Description"; Value = "Chip&Dip"; VariantName = "[No Variations]"
Add component (AddParameter): Name = "ComponentLink2URL"; Value = "https://www.chipdip.ru/product/s120"; VariantName = "[No Variations]"
Add component (AddParameter): Name = "Manufacturer"; Value = "Yangzhou Yangjie Electronic Technology Co"; VariantName = "[No Variations]"
Add component (AddParameter): Name = "Part Number"; Value = "S120"; VariantName = "[No Variations]"
Add component (AddParameter): Name = "Type"; Value = "Diode"; VariantName = "[No Variations]"
Added Component: Designator=D5(SOD-123FL)
Add component (AddParameter): Name = "ComponentLink1Description"; Value = "DataSheet"; VariantName = "[No Variations]"
Add component (AddParameter): Name = "ComponentLink1URL"; Value = "https://static.chipdip.ru/lib/152/DOC001152954.pdf"; VariantName = "[No Variations]"
Add component (AddParameter): Name = "ComponentLink2Description"; Value = "Chip&Dip"; VariantName = "[No Variations]"
Add component (AddParameter): Name = "ComponentLink2URL"; Value = "https://www.chipdip.ru/product/s120"; VariantName = "[No Variations]"
Add component (AddParameter): Name = "Manufacturer"; Value = "Yangzhou Yangjie Electronic Technology Co"; VariantName = "[No Variations]"
Add component (AddParameter): Name = "Part Number"; Value = "S120"; VariantName = "[No Variations]"
Add component (AddParameter): Name = "Type"; Value = "Diode"; VariantName = "[No Variations]"
Added Component: Designator=D6(SOD-123FL)
Add component (AddParameter): Name = "ComponentLink1Description"; Value = "DataSheet"; VariantName = "[No Variations]"
Add component (AddParameter): Name = "ComponentLink1URL"; Value = "https://static.chipdip.ru/lib/152/DOC001152954.pdf"; VariantName = "[No Variations]"
Add component (AddParameter): Name = "ComponentLink2Description"; Value = "Chip&Dip"; VariantName = "[No Variations]"
Add component (AddParameter): Name = "ComponentLink2URL"; Value = "https://www.chipdip.ru/product/s120"; VariantName = "[No Variations]"
Add component (AddParameter): Name = "Manufacturer"; Value = "Yangzhou Yangjie Electronic Technology Co"; VariantName = "[No Variations]"
Add component (AddParameter): Name = "Part Number"; Value = "S120"; VariantName = "[No Variations]"
Add component (AddParameter): Name = "Type"; Value = "Diode"; VariantName = "[No Variations]"
Added Component: Designator=J1(DF13-6p-1.25H)
Add component (AddParameter): Name = "ComponentLink1Description"; Value = "Hirose"; VariantName = "[No Variations]"
Add component (AddParameter): Name = "ComponentLink1URL"; Value = "https://www.hirose.com/product/p/CL0536-0255-2-75?lang=ru"; VariantName = "[No Variations]"
Add component (AddParameter): Name = "Manufacturer"; Value = "Hirose"; VariantName = "[No Variations]"
Add component (AddParameter): Name = "Part Number"; Value = "CL0536-0255-2-75"; VariantName = "[No Variations]"
Add component (AddParameter): Name = "Type"; Value = "Connector"; VariantName = "[No Variations]"
Added Component: Designator=J2(SMA Connector)
Add component (AddParameter): Name = "ComponentLink1Description"; Value = "Chip&Dip"; VariantName = "[No Variations]"
Add component (AddParameter): Name = "ComponentLink1URL"; Value = "https://www.chipdip.ru/product/kls1-sma001"; VariantName = "[No Variations]"
Add component (AddParameter): Name = "Manufacturer"; Value = "KLS electronic co ltd"; VariantName = "[No Variations]"
Add component (AddParameter): Name = "Part Number"; Value = "KLS1-SMA001"; VariantName = "[No Variations]"
Add component (AddParameter): Name = "Type"; Value = "Connector"; VariantName = "[No Variations]"
Added Component: Designator=L1(0402 Inductor)
Add component (AddParameter): Name = "ComponentLink1Description"; Value = "DataSheet"; VariantName = "[No Variations]"
Add component (AddParameter): Name = "ComponentLink1URL"; Value = "https://product.tdk.com/en/system/files?file=dam/doc/product/emc/emc/beads/catalog/beads_commercial_power_mpz1005-e_en.pdf"; VariantName = "[No Variations]"
Add component (AddParameter): Name = "ComponentLink2Description"; Value = "DigiKey"; VariantName = "[No Variations]"
Add component (AddParameter): Name = "ComponentLink2URL"; Value = "https://www.digikey.com/en/products/detail/tdk-corporation/MPZ1005S331ET000/3910121?s=N4IgTCBcDaILIAUBaBGADGgrAZQMy5QFEAVDNEAXQF8g"; VariantName = "[No Variations]"
Add component (AddParameter): Name = "Manufacturer"; Value = "TDK"; VariantName = "[No Variations]"
Add component (AddParameter): Name = "Part Number"; Value = "MPZ1005S331ET000"; VariantName = "[No Variations]"
Add component (AddParameter): Name = "Type"; Value = "Inductor"; VariantName = "[No Variations]"
Added Component: Designator=L2(0402 Inductor)
Add component (AddParameter): Name = "ComponentLink1Description"; Value = "DataSheet"; VariantName = "[No Variations]"
Add component (AddParameter): Name = "ComponentLink1URL"; Value = "https://product.tdk.com/en/system/files?file=dam/doc/product/emc/emc/beads/catalog/beads_commercial_power_mpz1005-e_en.pdf"; VariantName = "[No Variations]"
Add component (AddParameter): Name = "ComponentLink2Description"; Value = "DigiKey"; VariantName = "[No Variations]"
Add component (AddParameter): Name = "ComponentLink2URL"; Value = "https://www.digikey.com/en/products/detail/tdk-corporation/MPZ1005S331ET000/3910121?s=N4IgTCBcDaILIAUBaBGADGgrAZQMy5QFEAVDNEAXQF8g"; VariantName = "[No Variations]"
Add component (AddParameter): Name = "Manufacturer"; Value = "TDK"; VariantName = "[No Variations]"
Add component (AddParameter): Name = "Part Number"; Value = "MPZ1005S331ET000"; VariantName = "[No Variations]"
Add component (AddParameter): Name = "Type"; Value = "Inductor"; VariantName = "[No Variations]"
Added Component: Designator=L3(0402 Inductor)
Add component (AddParameter): Name = "ComponentLink1Description"; Value = "DataSheet"; VariantName = "[No Variations]"
Add component (AddParameter): Name = "ComponentLink1URL"; Value = "https://product.tdk.com/en/system/files?file=dam/doc/product/emc/emc/beads/catalog/beads_commercial_power_mpz1005-e_en.pdf"; VariantName = "[No Variations]"
Add component (AddParameter): Name = "ComponentLink2Description"; Value = "DigiKey"; VariantName = "[No Variations]"
Add component (AddParameter): Name = "ComponentLink2URL"; Value = "https://www.digikey.com/en/products/detail/tdk-corporation/MPZ1005S331ET000/3910121?s=N4IgTCBcDaILIAUBaBGADGgrAZQMy5QFEAVDNEAXQF8g"; VariantName = "[No Variations]"
Add component (AddParameter): Name = "Manufacturer"; Value = "TDK"; VariantName = "[No Variations]"
Add component (AddParameter): Name = "Part Number"; Value = "MPZ1005S331ET000"; VariantName = "[No Variations]"
Add component (AddParameter): Name = "Type"; Value = "Inductor"; VariantName = "[No Variations]"
Added Component: Designator=Q1(SOT236)
Add component (AddParameter): Name = "ComponentLink1Description"; Value = "DataSheet"; VariantName = "[No Variations]"
Add component (AddParameter): Name = "ComponentLink1URL"; Value = "https://www.onsemi.com/pdf/datasheet/fdc8602-d.pdf"; VariantName = "[No Variations]"
Add component (AddParameter): Name = "ComponentLink2Description"; Value = "DigiKey"; VariantName = "[No Variations]"
Add component (AddParameter): Name = "ComponentLink2URL"; Value = "https://www.digikey.com/en/products/detail/onsemi/FDC8602/3025438"; VariantName = "[No Variations]"
Add component (AddParameter): Name = "Manufacturer"; Value = "Onsemi"; VariantName = "[No Variations]"
Add component (AddParameter): Name = "Part Number"; Value = "FDC8602"; VariantName = "[No Variations]"
Add component (AddParameter): Name = "Type"; Value = "Transistor"; VariantName = "[No Variations]"
Added Component: Designator=Q2(SOT236)
Add component (AddParameter): Name = "ComponentLink1Description"; Value = "DataSheet"; VariantName = "[No Variations]"
Add component (AddParameter): Name = "ComponentLink1URL"; Value = "https://www.onsemi.com/pdf/datasheet/fdc8602-d.pdf"; VariantName = "[No Variations]"
Add component (AddParameter): Name = "ComponentLink2Description"; Value = "DigiKey"; VariantName = "[No Variations]"
Add component (AddParameter): Name = "ComponentLink2URL"; Value = "https://www.digikey.com/en/products/detail/onsemi/FDC8602/3025438"; VariantName = "[No Variations]"
Add component (AddParameter): Name = "Manufacturer"; Value = "Onsemi"; VariantName = "[No Variations]"
Add component (AddParameter): Name = "Part Number"; Value = "FDC8602"; VariantName = "[No Variations]"
Add component (AddParameter): Name = "Type"; Value = "Transistor"; VariantName = "[No Variations]"
Added Component: Designator=Q3(SOT-23)
Add component (AddParameter): Name = "ComponentLink1Description"; Value = "DataSheet"; VariantName = "[No Variations]"
Add component (AddParameter): Name = "ComponentLink1URL"; Value = "https://static.chipdip.ru/lib/933/DOC011933862.pdf"; VariantName = "[No Variations]"
Add component (AddParameter): Name = "ComponentLink2Description"; Value = "Chip&Dip"; VariantName = "[No Variations]"
Add component (AddParameter): Name = "ComponentLink2URL"; Value = "https://www.chipdip.ru/product/mmbt5551"; VariantName = "[No Variations]"
Add component (AddParameter): Name = "Manufacturer"; Value = "ON Semiconductor"; VariantName = "[No Variations]"
Add component (AddParameter): Name = "Part Number"; Value = "MMBT5551LT1G"; VariantName = "[No Variations]"
Add component (AddParameter): Name = "Type"; Value = "Transistor"; VariantName = "[No Variations]"
Added Component: Designator=Q4(SOT-23)
Add component (AddParameter): Name = "ComponentLink1Description"; Value = "DataSheet"; VariantName = "[No Variations]"
Add component (AddParameter): Name = "ComponentLink1URL"; Value = "https://static.chipdip.ru/lib/933/DOC011933862.pdf"; VariantName = "[No Variations]"
Add component (AddParameter): Name = "ComponentLink2Description"; Value = "Chip&Dip"; VariantName = "[No Variations]"
Add component (AddParameter): Name = "ComponentLink2URL"; Value = "https://www.chipdip.ru/product/mmbt5551"; VariantName = "[No Variations]"
Add component (AddParameter): Name = "Manufacturer"; Value = "ON Semiconductor"; VariantName = "[No Variations]"
Add component (AddParameter): Name = "Part Number"; Value = "MMBT5551LT1G"; VariantName = "[No Variations]"
Add component (AddParameter): Name = "Type"; Value = "Transistor"; VariantName = "[No Variations]"
Added Component: Designator=Q5(SOT-23)
Add component (AddParameter): Name = "ComponentLink1Description"; Value = "DataSheet"; VariantName = "[No Variations]"
Add component (AddParameter): Name = "ComponentLink1URL"; Value = "https://static.chipdip.ru/lib/933/DOC011933862.pdf"; VariantName = "[No Variations]"
Add component (AddParameter): Name = "ComponentLink2Description"; Value = "Chip&Dip"; VariantName = "[No Variations]"
Add component (AddParameter): Name = "ComponentLink2URL"; Value = "https://www.chipdip.ru/product/mmbt5551"; VariantName = "[No Variations]"
Add component (AddParameter): Name = "Manufacturer"; Value = "ON Semiconductor"; VariantName = "[No Variations]"
Add component (AddParameter): Name = "Part Number"; Value = "MMBT5551LT1G"; VariantName = "[No Variations]"
Add component (AddParameter): Name = "Type"; Value = "Transistor"; VariantName = "[No Variations]"
Added Component: Designator=Q6(SOT-23)
Add component (AddParameter): Name = "ComponentLink1Description"; Value = "DataSheet"; VariantName = "[No Variations]"
Add component (AddParameter): Name = "ComponentLink1URL"; Value = "https://static.chipdip.ru/lib/933/DOC011933862.pdf"; VariantName = "[No Variations]"
Add component (AddParameter): Name = "ComponentLink2Description"; Value = "Chip&Dip"; VariantName = "[No Variations]"
Add component (AddParameter): Name = "ComponentLink2URL"; Value = "https://www.chipdip.ru/product/mmbt5551"; VariantName = "[No Variations]"
Add component (AddParameter): Name = "Manufacturer"; Value = "ON Semiconductor"; VariantName = "[No Variations]"
Add component (AddParameter): Name = "Part Number"; Value = "MMBT5551LT1G"; VariantName = "[No Variations]"
Add component (AddParameter): Name = "Type"; Value = "Transistor"; VariantName = "[No Variations]"
Added Component: Designator=Q7(EPC2001C)
Add component (AddParameter): Name = "ComponentLink1Description"; Value = "DataSheet"; VariantName = "[No Variations]"
Add component (AddParameter): Name = "ComponentLink1URL"; Value = "https://epc-co.com/epc/Portals/0/epc/documents/datasheets/EPC2001C_datasheet.pdf"; VariantName = "[No Variations]"
Add component (AddParameter): Name = "ComponentLink2Description"; Value = "DigiKey"; VariantName = "[No Variations]"
Add component (AddParameter): Name = "ComponentLink2URL"; Value = "https://www.digikey.com/en/products/detail/epc/EPC2001C/5031688"; VariantName = "[No Variations]"
Add component (AddParameter): Name = "Manufacturer"; Value = "EPC"; VariantName = "[No Variations]"
Add component (AddParameter): Name = "Part Number"; Value = "EPC2001C"; VariantName = "[No Variations]"
Add component (AddParameter): Name = "Type"; Value = "Transistor"; VariantName = "[No Variations]"
Added Component: Designator=R1(0603 Resistor)
Add component (AddParameter): Name = "ComponentLink1Description"; Value = "Chip&Dip"; VariantName = "[No Variations]"
Add component (AddParameter): Name = "ComponentLink1URL"; Value = "https://www.chipdip.ru/product0/9000079726"; VariantName = "[No Variations]"
Add component (AddParameter): Name = "Manufacturer"; Value = "Taiwan"; VariantName = "[No Variations]"
Add component (AddParameter): Name = "Part Number"; Value = "RC0603FR-073K9L"; VariantName = "[No Variations]"
Add component (AddParameter): Name = "Type"; Value = "Resistor"; VariantName = "[No Variations]"
Added Component: Designator=R2(0603 Resistor)
Add component (AddParameter): Name = "ComponentLink1Description"; Value = "Chip&Dip"; VariantName = "[No Variations]"
Add component (AddParameter): Name = "ComponentLink1URL"; Value = "https://www.chipdip.ru/product0/9000079726"; VariantName = "[No Variations]"
Add component (AddParameter): Name = "Manufacturer"; Value = "Taiwan"; VariantName = "[No Variations]"
Add component (AddParameter): Name = "Part Number"; Value = "RC0603FR-073K9L"; VariantName = "[No Variations]"
Add component (AddParameter): Name = "Type"; Value = "Resistor"; VariantName = "[No Variations]"
Added Component: Designator=R3(0603 Resistor)
Add component (AddParameter): Name = "ComponentLink1Description"; Value = "Chip&Dip"; VariantName = "[No Variations]"
Add component (AddParameter): Name = "ComponentLink1URL"; Value = "https://www.chipdip.ru/product0/9000079726"; VariantName = "[No Variations]"
Add component (AddParameter): Name = "Manufacturer"; Value = "Taiwan"; VariantName = "[No Variations]"
Add component (AddParameter): Name = "Part Number"; Value = "RC0603FR-073K9L"; VariantName = "[No Variations]"
Add component (AddParameter): Name = "Type"; Value = "Resistor"; VariantName = "[No Variations]"
Added Component: Designator=R4(0603 Resistor)
Add component (AddParameter): Name = "ComponentLink1Description"; Value = "Chip&Dip"; VariantName = "[No Variations]"
Add component (AddParameter): Name = "ComponentLink1URL"; Value = "https://www.chipdip.ru/product0/9000079726"; VariantName = "[No Variations]"
Add component (AddParameter): Name = "Manufacturer"; Value = "Taiwan"; VariantName = "[No Variations]"
Add component (AddParameter): Name = "Part Number"; Value = "RC0603FR-073K9L"; VariantName = "[No Variations]"
Add component (AddParameter): Name = "Type"; Value = "Resistor"; VariantName = "[No Variations]"
Added Component: Designator=R5(0603 Resistor)
Add component (AddParameter): Name = "ComponentLink1Description"; Value = "Chip&Dip"; VariantName = "[No Variations]"
Add component (AddParameter): Name = "ComponentLink1URL"; Value = "https://www.chipdip.ru/product0/9000079676"; VariantName = "[No Variations]"
Add component (AddParameter): Name = "Manufacturer"; Value = "Taiwan"; VariantName = "[No Variations]"
Add component (AddParameter): Name = "Part Number"; Value = "RC0603FR-071KL"; VariantName = "[No Variations]"
Add component (AddParameter): Name = "Type"; Value = "Resistor"; VariantName = "[No Variations]"
Added Component: Designator=R6(0603 Resistor)
Add component (AddParameter): Name = "ComponentLink1Description"; Value = "Chip&Dip"; VariantName = "[No Variations]"
Add component (AddParameter): Name = "ComponentLink1URL"; Value = "https://www.chipdip.ru/product0/9000079623"; VariantName = "[No Variations]"
Add component (AddParameter): Name = "Manufacturer"; Value = "Taiwan"; VariantName = "[No Variations]"
Add component (AddParameter): Name = "Part Number"; Value = "RC0603FR-07200RL"; VariantName = "[No Variations]"
Add component (AddParameter): Name = "Type"; Value = "Resistor"; VariantName = "[No Variations]"
Added Component: Designator=R7(0603 Resistor)
Add component (AddParameter): Name = "ComponentLink1Description"; Value = "Chip&Dip"; VariantName = "[No Variations]"
Add component (AddParameter): Name = "ComponentLink1URL"; Value = "https://www.chipdip.ru/product0/9000079676"; VariantName = "[No Variations]"
Add component (AddParameter): Name = "Manufacturer"; Value = "Taiwan"; VariantName = "[No Variations]"
Add component (AddParameter): Name = "Part Number"; Value = "RC0603FR-071KL"; VariantName = "[No Variations]"
Add component (AddParameter): Name = "Type"; Value = "Resistor"; VariantName = "[No Variations]"
Added Component: Designator=R8(0603 Resistor)
Add component (AddParameter): Name = "ComponentLink1Description"; Value = "Chip&Dip"; VariantName = "[No Variations]"
Add component (AddParameter): Name = "ComponentLink1URL"; Value = "https://www.chipdip.ru/product0/9000079629"; VariantName = "[No Variations]"
Add component (AddParameter): Name = "Manufacturer"; Value = "Taiwan"; VariantName = "[No Variations]"
Add component (AddParameter): Name = "Part Number"; Value = "RC0603FR-07360RL"; VariantName = "[No Variations]"
Add component (AddParameter): Name = "Type"; Value = "Resistor"; VariantName = "[No Variations]"
Added Component: Designator=R9(0603 Resistor)
Add component (AddParameter): Name = "ComponentLink1Description"; Value = "Chip&Dip"; VariantName = "[No Variations]"
Add component (AddParameter): Name = "ComponentLink1URL"; Value = "https://www.chipdip.ru/product0/9000079629"; VariantName = "[No Variations]"
Add component (AddParameter): Name = "Manufacturer"; Value = "Taiwan"; VariantName = "[No Variations]"
Add component (AddParameter): Name = "Part Number"; Value = "RC0603FR-07360RL"; VariantName = "[No Variations]"
Add component (AddParameter): Name = "Type"; Value = "Resistor"; VariantName = "[No Variations]"
Added Component: Designator=R10(0603 Resistor)
Add component (AddParameter): Name = "ComponentLink1Description"; Value = "Chip&Dip"; VariantName = "[No Variations]"
Add component (AddParameter): Name = "ComponentLink1URL"; Value = "https://www.chipdip.ru/product0/9000079623"; VariantName = "[No Variations]"
Add component (AddParameter): Name = "Manufacturer"; Value = "Taiwan"; VariantName = "[No Variations]"
Add component (AddParameter): Name = "Part Number"; Value = "RC0603FR-07200RL"; VariantName = "[No Variations]"
Add component (AddParameter): Name = "Type"; Value = "Resistor"; VariantName = "[No Variations]"
Added Component: Designator=R11(0603 Resistor)
Add component (AddParameter): Name = "ComponentLink1Description"; Value = "Chip&Dip"; VariantName = "[No Variations]"
Add component (AddParameter): Name = "ComponentLink1URL"; Value = "https://www.chipdip.ru/product0/9000079676"; VariantName = "[No Variations]"
Add component (AddParameter): Name = "Manufacturer"; Value = "Taiwan"; VariantName = "[No Variations]"
Add component (AddParameter): Name = "Part Number"; Value = "RC0603FR-071KL"; VariantName = "[No Variations]"
Add component (AddParameter): Name = "Type"; Value = "Resistor"; VariantName = "[No Variations]"
Added Component: Designator=R12(0603 Resistor)
Add component (AddParameter): Name = "ComponentLink1Description"; Value = "Chip&Dip"; VariantName = "[No Variations]"
Add component (AddParameter): Name = "ComponentLink1URL"; Value = "https://www.chipdip.ru/product0/9000079623"; VariantName = "[No Variations]"
Add component (AddParameter): Name = "Manufacturer"; Value = "Taiwan"; VariantName = "[No Variations]"
Add component (AddParameter): Name = "Part Number"; Value = "RC0603FR-07200RL"; VariantName = "[No Variations]"
Add component (AddParameter): Name = "Type"; Value = "Resistor"; VariantName = "[No Variations]"
Added Component: Designator=R13(0603 Resistor)
Add component (AddParameter): Name = "ComponentLink1Description"; Value = "Chip&Dip"; VariantName = "[No Variations]"
Add component (AddParameter): Name = "ComponentLink1URL"; Value = "https://www.chipdip.ru/product0/9000079676"; VariantName = "[No Variations]"
Add component (AddParameter): Name = "Manufacturer"; Value = "Taiwan"; VariantName = "[No Variations]"
Add component (AddParameter): Name = "Part Number"; Value = "RC0603FR-071KL"; VariantName = "[No Variations]"
Add component (AddParameter): Name = "Type"; Value = "Resistor"; VariantName = "[No Variations]"
Added Component: Designator=R14(0603 Resistor)
Add component (AddParameter): Name = "ComponentLink1Description"; Value = "Chip&Dip"; VariantName = "[No Variations]"
Add component (AddParameter): Name = "ComponentLink1URL"; Value = "https://www.chipdip.ru/product0/9000079623"; VariantName = "[No Variations]"
Add component (AddParameter): Name = "Manufacturer"; Value = "Taiwan"; VariantName = "[No Variations]"
Add component (AddParameter): Name = "Part Number"; Value = "RC0603FR-07200RL"; VariantName = "[No Variations]"
Add component (AddParameter): Name = "Type"; Value = "Resistor"; VariantName = "[No Variations]"
Added Component: Designator=R15(0603 Resistor)
Add component (AddParameter): Name = "ComponentLink1Description"; Value = "Chip&Dip"; VariantName = "[No Variations]"
Add component (AddParameter): Name = "ComponentLink1URL"; Value = "https://www.chipdip.ru/product0/9000079629"; VariantName = "[No Variations]"
Add component (AddParameter): Name = "Manufacturer"; Value = "Taiwan"; VariantName = "[No Variations]"
Add component (AddParameter): Name = "Part Number"; Value = "RC0603FR-07360RL"; VariantName = "[No Variations]"
Add component (AddParameter): Name = "Type"; Value = "Resistor"; VariantName = "[No Variations]"
Added Component: Designator=R16(0603 Resistor)
Add component (AddParameter): Name = "ComponentLink1Description"; Value = "Chip&Dip"; VariantName = "[No Variations]"
Add component (AddParameter): Name = "ComponentLink1URL"; Value = "https://www.chipdip.ru/product0/9000079629"; VariantName = "[No Variations]"
Add component (AddParameter): Name = "Manufacturer"; Value = "Taiwan"; VariantName = "[No Variations]"
Add component (AddParameter): Name = "Part Number"; Value = "RC0603FR-07360RL"; VariantName = "[No Variations]"
Add component (AddParameter): Name = "Type"; Value = "Resistor"; VariantName = "[No Variations]"
Added Component: Designator=R17(0603 Resistor)
Add component (AddParameter): Name = "ComponentLink1Description"; Value = "Chip&Dip"; VariantName = "[No Variations]"
Add component (AddParameter): Name = "ComponentLink1URL"; Value = "https://www.chipdip.ru/product0/9000079616"; VariantName = "[No Variations]"
Add component (AddParameter): Name = "Manufacturer"; Value = "Taiwan"; VariantName = "[No Variations]"
Add component (AddParameter): Name = "Part Number"; Value = "RC0603FR-07100RL"; VariantName = "[No Variations]"
Add component (AddParameter): Name = "Type"; Value = "Resistor"; VariantName = "[No Variations]"
Added Component: Designator=R18(0603 Resistor)
Add component (AddParameter): Name = "ComponentLink1Description"; Value = "Chip&Dip"; VariantName = "[No Variations]"
Add component (AddParameter): Name = "ComponentLink1URL"; Value = "https://www.chipdip.ru/product0/9000079609"; VariantName = "[No Variations]"
Add component (AddParameter): Name = "Manufacturer"; Value = "Taiwan"; VariantName = "[No Variations]"
Add component (AddParameter): Name = "Part Number"; Value = "RC0603FR-0751RL"; VariantName = "[No Variations]"
Add component (AddParameter): Name = "Type"; Value = "Resistor"; VariantName = "[No Variations]"
Added Component: Designator=R19(0402 Resistor)
Add component (AddParameter): Name = "ComponentLink1Description"; Value = "Chip&Dip"; VariantName = "[No Variations]"
Add component (AddParameter): Name = "ComponentLink1URL"; Value = "https://www.chipdip.ru/product0/8006233396"; VariantName = "[No Variations]"
Add component (AddParameter): Name = "Manufacturer"; Value = "Rohm"; VariantName = "[No Variations]"
Add component (AddParameter): Name = "Part Number"; Value = "UCR01MVPFLR470"; VariantName = "[No Variations]"
Add component (AddParameter): Name = "Type"; Value = "Resistor"; VariantName = "[No Variations]"
Added Component: Designator=R20(0402 Resistor)
Add component (AddParameter): Name = "ComponentLink1Description"; Value = "Chip&Dip"; VariantName = "[No Variations]"
Add component (AddParameter): Name = "ComponentLink1URL"; Value = "https://www.chipdip.ru/product0/8006233396"; VariantName = "[No Variations]"
Add component (AddParameter): Name = "Manufacturer"; Value = "Rohm"; VariantName = "[No Variations]"
Add component (AddParameter): Name = "Part Number"; Value = "UCR01MVPFLR470"; VariantName = "[No Variations]"
Add component (AddParameter): Name = "Type"; Value = "Resistor"; VariantName = "[No Variations]"
Added Component: Designator=R21(0402 Resistor)
Add component (AddParameter): Name = "ComponentLink1Description"; Value = "Chip&Dip"; VariantName = "[No Variations]"
Add component (AddParameter): Name = "ComponentLink1URL"; Value = "https://www.chipdip.ru/product0/8006233396"; VariantName = "[No Variations]"
Add component (AddParameter): Name = "Manufacturer"; Value = "Rohm"; VariantName = "[No Variations]"
Add component (AddParameter): Name = "Part Number"; Value = "UCR01MVPFLR470"; VariantName = "[No Variations]"
Add component (AddParameter): Name = "Type"; Value = "Resistor"; VariantName = "[No Variations]"
Added Component: Designator=R22(0402 Resistor)
Add component (AddParameter): Name = "ComponentLink1Description"; Value = "Chip&Dip"; VariantName = "[No Variations]"
Add component (AddParameter): Name = "ComponentLink1URL"; Value = "https://www.chipdip.ru/product0/8006233396"; VariantName = "[No Variations]"
Add component (AddParameter): Name = "Manufacturer"; Value = "Rohm"; VariantName = "[No Variations]"
Add component (AddParameter): Name = "Part Number"; Value = "UCR01MVPFLR470"; VariantName = "[No Variations]"
Add component (AddParameter): Name = "Type"; Value = "Resistor"; VariantName = "[No Variations]"
Added Component: Designator=R23(0402 Resistor)
Add component (AddParameter): Name = "ComponentLink1Description"; Value = "Chip&Dip"; VariantName = "[No Variations]"
Add component (AddParameter): Name = "ComponentLink1URL"; Value = "https://www.chipdip.ru/product0/8006233396"; VariantName = "[No Variations]"
Add component (AddParameter): Name = "Manufacturer"; Value = "Rohm"; VariantName = "[No Variations]"
Add component (AddParameter): Name = "Part Number"; Value = "UCR01MVPFLR470"; VariantName = "[No Variations]"
Add component (AddParameter): Name = "Type"; Value = "Resistor"; VariantName = "[No Variations]"
Added Component: Designator=R24(0603 Resistor)
Add component (AddParameter): Name = "ComponentLink1Description"; Value = "Chip&Dip"; VariantName = "[No Variations]"
Add component (AddParameter): Name = "ComponentLink1URL"; Value = "https://www.chipdip.ru/product0/9000079622"; VariantName = "[No Variations]"
Add component (AddParameter): Name = "Manufacturer"; Value = "Taiwan"; VariantName = "[No Variations]"
Add component (AddParameter): Name = "Part Number"; Value = "RC0603FR-07180RL"; VariantName = "[No Variations]"
Add component (AddParameter): Name = "Type"; Value = "Resistor"; VariantName = "[No Variations]"
Added Component: Designator=R25(0603 Resistor)
Add component (AddParameter): Name = "ComponentLink1Description"; Value = "Chip&Dip"; VariantName = "[No Variations]"
Add component (AddParameter): Name = "ComponentLink1URL"; Value = "https://www.chipdip.ru/product0/9000079736"; VariantName = "[No Variations]"
Add component (AddParameter): Name = "Manufacturer"; Value = "Taiwan"; VariantName = "[No Variations]"
Add component (AddParameter): Name = "Part Number"; Value = "RC0603FR-0710KL"; VariantName = "[No Variations]"
Add component (AddParameter): Name = "Type"; Value = "Resistor"; VariantName = "[No Variations]"
Added Component: Designator=R26(0603 Resistor)
Add component (AddParameter): Name = "ComponentLink1Description"; Value = "Chip&Dip"; VariantName = "[No Variations]"
Add component (AddParameter): Name = "ComponentLink1URL"; Value = "https://www.chipdip.ru/product0/9000079676"; VariantName = "[No Variations]"
Add component (AddParameter): Name = "Manufacturer"; Value = "Taiwan"; VariantName = "[No Variations]"
Add component (AddParameter): Name = "Part Number"; Value = "RC0603FR-071KL"; VariantName = "[No Variations]"
Add component (AddParameter): Name = "Type"; Value = "Resistor"; VariantName = "[No Variations]"
Added Component: Designator=TP1(TestPoint)
Added Component: Designator=TP2(TestPoint)
Added Component: Designator=TP3(TestPoint)
Added Component: Designator=TP4(TestPoint)
Added Component: Designator=TP5(TestPoint)
Added Component: Designator=TP6(TestPoint)
Added Component: Designator=TP7(TestPoint)
Added Component: Designator=TP8(TestPoint)
Added Component: Designator=TP9(TestPoint)
Added Component: Designator=U1(SOT236)
Add component (AddParameter): Name = "ComponentLink1Description"; Value = "Chip&Dip"; VariantName = "[No Variations]"
Add component (AddParameter): Name = "ComponentLink1URL"; Value = "https://www.chipdip.ru/product/sn74lvc2g04dbvr-2"; VariantName = "[No Variations]"
Add component (AddParameter): Name = "ComponentLink2Description"; Value = "DataSheet"; VariantName = "[No Variations]"
Add component (AddParameter): Name = "ComponentLink2URL"; Value = "https://static.chipdip.ru/lib/021/DOC001021810.pdf"; VariantName = "[No Variations]"
Add component (AddParameter): Name = "Manufacturer"; Value = "Texas Instruments"; VariantName = "[No Variations]"
Add component (AddParameter): Name = "Part Number"; Value = "SN74LVC2G04DBVR"; VariantName = "[No Variations]"
Add component (AddParameter): Name = "Type"; Value = "IC"; VariantName = "[No Variations]"
Added Component: Designator=U2(SOT236)
Add component (AddParameter): Name = "ComponentLink1Description"; Value = "Chip&Dip"; VariantName = "[No Variations]"
Add component (AddParameter): Name = "ComponentLink1URL"; Value = "https://www.chipdip.ru/product/sn74lvc2g04dbvr-2"; VariantName = "[No Variations]"
Add component (AddParameter): Name = "ComponentLink2Description"; Value = "DataSheet"; VariantName = "[No Variations]"
Add component (AddParameter): Name = "ComponentLink2URL"; Value = "https://static.chipdip.ru/lib/021/DOC001021810.pdf"; VariantName = "[No Variations]"
Add component (AddParameter): Name = "Manufacturer"; Value = "Texas Instruments"; VariantName = "[No Variations]"
Add component (AddParameter): Name = "Part Number"; Value = "SN74LVC2G04DBVR"; VariantName = "[No Variations]"
Add component (AddParameter): Name = "Type"; Value = "IC"; VariantName = "[No Variations]"
Added Component: Designator=U3(SOT236)
Add component (AddParameter): Name = "ComponentLink1Description"; Value = "Chip&Dip"; VariantName = "[No Variations]"
Add component (AddParameter): Name = "ComponentLink1URL"; Value = "https://www.chipdip.ru/product/sn74lvc2g04dbvr-2"; VariantName = "[No Variations]"
Add component (AddParameter): Name = "ComponentLink2Description"; Value = "DataSheet"; VariantName = "[No Variations]"
Add component (AddParameter): Name = "ComponentLink2URL"; Value = "https://static.chipdip.ru/lib/021/DOC001021810.pdf"; VariantName = "[No Variations]"
Add component (AddParameter): Name = "Manufacturer"; Value = "Texas Instruments"; VariantName = "[No Variations]"
Add component (AddParameter): Name = "Part Number"; Value = "SN74LVC2G04DBVR"; VariantName = "[No Variations]"
Add component (AddParameter): Name = "Type"; Value = "IC"; VariantName = "[No Variations]"
Added Component: Designator=U4(SOT-23-5)
Add component (AddParameter): Name = "ComponentLink1Description"; Value = "DataSheet"; VariantName = "[No Variations]"
Add component (AddParameter): Name = "ComponentLink1URL"; Value = "https://static.chipdip.ru/lib/986/DOC003986583.pdf"; VariantName = "[No Variations]"
Add component (AddParameter): Name = "ComponentLink2Description"; Value = "Chip&Dip"; VariantName = "[No Variations]"
Add component (AddParameter): Name = "ComponentLink2URL"; Value = "https://www.chipdip.ru/product/adp151aujz-1.8-r7"; VariantName = "[No Variations]"
Add component (AddParameter): Name = "Manufacturer"; Value = "Analog Devices"; VariantName = "[No Variations]"
Add component (AddParameter): Name = "Part Number"; Value = "ADP151AUJZ-1.8-R7"; VariantName = "[No Variations]"
Add component (AddParameter): Name = "Type"; Value = "IC"; VariantName = "[No Variations]"
Added Component: Designator=U5(SOT236)
Add component (AddParameter): Name = "ComponentLink1Description"; Value = "Chip&Dip"; VariantName = "[No Variations]"
Add component (AddParameter): Name = "ComponentLink1URL"; Value = "https://www.chipdip.ru/product/sn74lvc2g04dbvr-2"; VariantName = "[No Variations]"
Add component (AddParameter): Name = "ComponentLink2Description"; Value = "DataSheet"; VariantName = "[No Variations]"
Add component (AddParameter): Name = "ComponentLink2URL"; Value = "https://static.chipdip.ru/lib/021/DOC001021810.pdf"; VariantName = "[No Variations]"
Add component (AddParameter): Name = "Manufacturer"; Value = "Texas Instruments"; VariantName = "[No Variations]"
Add component (AddParameter): Name = "Part Number"; Value = "SN74LVC2G04DBVR"; VariantName = "[No Variations]"
Add component (AddParameter): Name = "Type"; Value = "IC"; VariantName = "[No Variations]"
Added Component: Designator=U6(TSSOP-14)
Add component (AddParameter): Name = "ComponentLink1Description"; Value = "DataSheet"; VariantName = "[No Variations]"
Add component (AddParameter): Name = "ComponentLink1URL"; Value = "https://static.chipdip.ru/lib/318/DOC000318768.pdf"; VariantName = "[No Variations]"
Add component (AddParameter): Name = "ComponentLink2Description"; Value = "ChipDip"; VariantName = "[No Variations]"
Add component (AddParameter): Name = "ComponentLink2URL"; Value = "https://www.chipdip.ru/product/74vhc00mtc"; VariantName = "[No Variations]"
Add component (AddParameter): Name = "Manufacturer"; Value = "Fairchild Semiconductor"; VariantName = "[No Variations]"
Add component (AddParameter): Name = "Part Number"; Value = "74VHC00MTC"; VariantName = "[No Variations]"
Add component (AddParameter): Name = "Type"; Value = "IC"; VariantName = "[No Variations]"
Added Component: Designator=U7(SOT-23-5)
Add component (AddParameter): Name = "ComponentLink1Description"; Value = "DataSheet"; VariantName = "[No Variations]"
Add component (AddParameter): Name = "ComponentLink1URL"; Value = "https://static.chipdip.ru/lib/876/DOC003876961.pdf"; VariantName = "[No Variations]"
Add component (AddParameter): Name = "ComponentLink2Description"; Value = "Chip&Dip"; VariantName = "[No Variations]"
Add component (AddParameter): Name = "ComponentLink2URL"; Value = "https://www.chipdip.ru/product/opa354aidbvr-ti"; VariantName = "[No Variations]"
Add component (AddParameter): Name = "Manufacturer"; Value = "Texas Instruments"; VariantName = "[No Variations]"
Add component (AddParameter): Name = "Part Number"; Value = "OPA354AIDBVR"; VariantName = "[No Variations]"
Add component (AddParameter): Name = "Type"; Value = "IC"; VariantName = "[No Variations]"
Added Component: Designator=U8(MicroPak 6-Lead)
Add component (AddParameter): Name = "ComponentLink1Description"; Value = "DigiKey"; VariantName = "[No Variations]"
Add component (AddParameter): Name = "ComponentLink1URL"; Value = "https://www.digikey.com/en/products/detail/onsemi/NC7WZ16L6X/1050447?s=N4IgTCBcDaIHIGEDsB1AWgRgGwBksA0QBdAXyA"; VariantName = "[No Variations]"
Add component (AddParameter): Name = "ComponentLink2Description"; Value = "DataSheet"; VariantName = "[No Variations]"
Add component (AddParameter): Name = "ComponentLink2URL"; Value = "https://rocelec.widen.net/view/pdf/z73gngtavr/ONSM-S-A0003590680-1.pdf?t.download=true&u=5oefqw"; VariantName = "[No Variations]"
Add component (AddParameter): Name = "Manufacturer"; Value = "Onsemi"; VariantName = "[No Variations]"
Add component (AddParameter): Name = "Part Number"; Value = "NC7WZ16L6X"; VariantName = "[No Variations]"
Add component (AddParameter): Name = "Type"; Value = "IC"; VariantName = "[No Variations]"
Added Component: Designator=U9(WCSP)
Add component (AddParameter): Name = "ComponentLink1Description"; Value = "DigiKey"; VariantName = "[No Variations]"
Add component (AddParameter): Name = "ComponentLink1URL"; Value = "https://www.digikey.com/en/products/detail/texas-instruments/LMG1020YFFT/9489635"; VariantName = "[No Variations]"
Add component (AddParameter): Name = "ComponentLink2Description"; Value = "DataSheet"; VariantName = "[No Variations]"
Add component (AddParameter): Name = "ComponentLink2URL"; Value = "https://www.ti.com/lit/ds/symlink/lmg1020.pdf?HQS=dis-dk-null-digikeymode-dsf-pf-null-wwe&ts=1633629477689&ref_url=https%253A%252F%252Fwww.ti.com%252Fgeneral%252Fdocs%252Fsuppproductinfo.tsp%253FdistId%253D10%2526gotoUrl%253Dhttps%253A%252F%252Fwww.ti.com%252Flit%252Fgpn%252Flmg1020"; VariantName = "[No Variations]"
Add component (AddParameter): Name = "Manufacturer"; Value = "Texas Instruments"; VariantName = "[No Variations]"
Add component (AddParameter): Name = "Part Number"; Value = "LMG1020"; VariantName = "[No Variations]"
Add component (AddParameter): Name = "Type"; Value = "IC"; VariantName = "[No Variations]"
Added Pin To Net: NetName=+5V Pin=C22-2
Added Pin To Net: NetName=+5V Pin=J1-2
Added Pin To Net: NetName=+5V Pin=L1-1
Added Pin To Net: NetName=+5V Pin=L2-1
Added Pin To Net: NetName=+5V Pin=L3-1
Added Pin To Net: NetName=+5V Pin=R25-2
Added Pin To Net: NetName=+5V Pin=TP2-1
Added Pin To Net: NetName=+5V Pin=U4-1
Added Pin To Net: NetName=+5V Pin=U4-3
Added Pin To Net: NetName=+1.8V Pin=C21-1
Added Pin To Net: NetName=+1.8V Pin=C23-2
Added Pin To Net: NetName=+1.8V Pin=C24-1
Added Pin To Net: NetName=+1.8V Pin=C25-1
Added Pin To Net: NetName=+1.8V Pin=U3-5
Added Pin To Net: NetName=+1.8V Pin=U4-5
Added Pin To Net: NetName=+1.8V Pin=U5-5
Added Pin To Net: NetName=+1.8V Pin=U6-14
Added Net: Name=+1.8V
Added Pin To Net: NetName=GND Pin=C22-1
Added Pin To Net: NetName=GND Pin=C23-1
Added Pin To Net: NetName=GND Pin=C26-1
Added Pin To Net: NetName=GND Pin=C27-1
Added Pin To Net: NetName=GND Pin=C28-1
Added Pin To Net: NetName=GND Pin=C29-2
Added Pin To Net: NetName=GND Pin=C30-1
Added Pin To Net: NetName=GND Pin=C31-1
Added Pin To Net: NetName=GND Pin=D3-1
Added Pin To Net: NetName=GND Pin=D4-1
Added Pin To Net: NetName=GND Pin=D5-1
Added Pin To Net: NetName=GND Pin=D6-1
Added Pin To Net: NetName=GND Pin=J1-6
Added Pin To Net: NetName=GND Pin=J2-A
Added Pin To Net: NetName=GND Pin=J2-A
Added Pin To Net: NetName=GND Pin=J2-A
Added Pin To Net: NetName=GND Pin=J2-A
Added Pin To Net: NetName=GND Pin=Q3-2
Added Pin To Net: NetName=GND Pin=Q4-2
Added Pin To Net: NetName=GND Pin=Q5-2
Added Pin To Net: NetName=GND Pin=Q6-2
Added Pin To Net: NetName=GND Pin=Q7-4
Added Pin To Net: NetName=GND Pin=Q7-4
Added Pin To Net: NetName=GND Pin=Q7-4
Added Pin To Net: NetName=GND Pin=Q7-4
Added Pin To Net: NetName=GND Pin=Q7-4
Added Pin To Net: NetName=GND Pin=R8-1
Added Pin To Net: NetName=GND Pin=R9-1
Added Pin To Net: NetName=GND Pin=R15-1
Added Pin To Net: NetName=GND Pin=R16-1
Added Pin To Net: NetName=GND Pin=R19-1
Added Pin To Net: NetName=GND Pin=R20-1
Added Pin To Net: NetName=GND Pin=R21-1
Added Pin To Net: NetName=GND Pin=R22-1
Added Pin To Net: NetName=GND Pin=R23-1
Added Pin To Net: NetName=GND Pin=R26-1
Added Pin To Net: NetName=GND Pin=U4-2
Added Pin To Net: NetName=GND Pin=U5-2
Added Pin To Net: NetName=GND Pin=U7-2
Added Pin To Net: NetName=GND Pin=U8-2
Added Pin To Net: NetName=GND Pin=U9-B1
Added Pin To Net: NetName=GND Pin=J1-A
Added Pin To Net: NetName=GND Pin=J1-A
Added Net: Name=GND
Added Pin To Net: NetName=LaserChoice_0 Pin=J1-4
Added Pin To Net: NetName=LaserChoice_0 Pin=TP4-1
Added Pin To Net: NetName=LaserChoice_0 Pin=U1-1
Added Pin To Net: NetName=LaserChoice_0 Pin=U2-1
Added Pin To Net: NetName=LaserChoice_0 Pin=U6-1
Added Pin To Net: NetName=LaserChoice_0 Pin=U6-13
Added Net: Name=LaserChoice_0
Added Pin To Net: NetName=LaserChoice_1 Pin=J1-5
Added Pin To Net: NetName=LaserChoice_1 Pin=TP5-1
Added Pin To Net: NetName=LaserChoice_1 Pin=U1-3
Added Pin To Net: NetName=LaserChoice_1 Pin=U2-3
Added Pin To Net: NetName=LaserChoice_1 Pin=U6-2
Added Pin To Net: NetName=LaserChoice_1 Pin=U6-5
Added Net: Name=LaserChoice_1
Added Pin To Net: NetName=MOSFET_1 Pin=D3-2
Added Pin To Net: NetName=MOSFET_1 Pin=Q1-3
Added Pin To Net: NetName=MOSFET_1 Pin=Q3-3
Added Pin To Net: NetName=MOSFET_1 Pin=R5-1
Added Net: Name=MOSFET_1
Added Pin To Net: NetName=MOSFET_2 Pin=D4-2
Added Pin To Net: NetName=MOSFET_2 Pin=Q1-1
Added Pin To Net: NetName=MOSFET_2 Pin=Q4-3
Added Pin To Net: NetName=MOSFET_2 Pin=R7-1
Added Net: Name=MOSFET_2
Added Pin To Net: NetName=MOSFET_3 Pin=D5-2
Added Pin To Net: NetName=MOSFET_3 Pin=Q2-1
Added Pin To Net: NetName=MOSFET_3 Pin=Q5-3
Added Pin To Net: NetName=MOSFET_3 Pin=R11-1
Added Net: Name=MOSFET_3
Added Pin To Net: NetName=MOSFET_4 Pin=D6-2
Added Pin To Net: NetName=MOSFET_4 Pin=Q2-3
Added Pin To Net: NetName=MOSFET_4 Pin=Q6-3
Added Pin To Net: NetName=MOSFET_4 Pin=R13-1
Added Net: Name=MOSFET_4
Added Pin To Net: NetName=NetC1_1 Pin=C1-1
Added Pin To Net: NetName=NetC1_1 Pin=C2-1
Added Pin To Net: NetName=NetC1_1 Pin=C3-1
Added Pin To Net: NetName=NetC1_1 Pin=C4-1
Added Pin To Net: NetName=NetC1_1 Pin=C5-1
Added Pin To Net: NetName=NetC1_1 Pin=D1-1
Added Pin To Net: NetName=NetC1_1 Pin=Q1-2
Added Pin To Net: NetName=NetC1_1 Pin=R15-2
Added Pin To Net: NetName=NetC1_1 Pin=TP8-1
Added Net: Name=NetC1_1
Added Pin To Net: NetName=NetC6_1 Pin=C6-1
Added Pin To Net: NetName=NetC6_1 Pin=C7-1
Added Pin To Net: NetName=NetC6_1 Pin=C8-1
Added Pin To Net: NetName=NetC6_1 Pin=C9-1
Added Pin To Net: NetName=NetC6_1 Pin=C10-1
Added Pin To Net: NetName=NetC6_1 Pin=D1-2
Added Pin To Net: NetName=NetC6_1 Pin=Q1-5
Added Pin To Net: NetName=NetC6_1 Pin=R8-2
Added Pin To Net: NetName=NetC6_1 Pin=TP6-1
Added Net: Name=NetC6_1
Added Pin To Net: NetName=NetC11_1 Pin=C11-1
Added Pin To Net: NetName=NetC11_1 Pin=C12-1
Added Pin To Net: NetName=NetC11_1 Pin=C13-1
Added Pin To Net: NetName=NetC11_1 Pin=C14-1
Added Pin To Net: NetName=NetC11_1 Pin=C15-1
Added Pin To Net: NetName=NetC11_1 Pin=D1-3
Added Pin To Net: NetName=NetC11_1 Pin=Q2-5
Added Pin To Net: NetName=NetC11_1 Pin=R9-2
Added Pin To Net: NetName=NetC11_1 Pin=TP7-1
Added Net: Name=NetC11_1
Added Pin To Net: NetName=NetC16_1 Pin=C16-1
Added Pin To Net: NetName=NetC16_1 Pin=C17-1
Added Pin To Net: NetName=NetC16_1 Pin=C18-1
Added Pin To Net: NetName=NetC16_1 Pin=C19-1
Added Pin To Net: NetName=NetC16_1 Pin=C20-1
Added Pin To Net: NetName=NetC16_1 Pin=D1-4
Added Pin To Net: NetName=NetC16_1 Pin=Q2-2
Added Pin To Net: NetName=NetC16_1 Pin=R16-2
Added Pin To Net: NetName=NetC16_1 Pin=TP9-1
Added Net: Name=NetC16_1
Added Pin To Net: NetName=NetC21_2 Pin=C21-2
Added Pin To Net: NetName=NetC21_2 Pin=C24-2
Added Pin To Net: NetName=NetC21_2 Pin=C25-2
Added Pin To Net: NetName=NetC21_2 Pin=U3-2
Added Pin To Net: NetName=NetC21_2 Pin=U6-7
Added Net: Name=NetC21_2
Added Pin To Net: NetName=NetC26_2 Pin=C26-2
Added Pin To Net: NetName=NetC26_2 Pin=C28-2
Added Pin To Net: NetName=NetC26_2 Pin=L1-2
Added Pin To Net: NetName=NetC26_2 Pin=U9-A1
Added Net: Name=NetC26_2
Added Pin To Net: NetName=NetC27_2 Pin=C27-2
Added Pin To Net: NetName=NetC27_2 Pin=L2-2
Added Pin To Net: NetName=NetC27_2 Pin=U7-5
Added Net: Name=NetC27_2
Added Pin To Net: NetName=NetC29_1 Pin=C29-1
Added Pin To Net: NetName=NetC29_1 Pin=R17-2
Added Pin To Net: NetName=NetC29_1 Pin=U8-1
Added Net: Name=NetC29_1
Added Pin To Net: NetName=NetC30_2 Pin=C30-2
Added Pin To Net: NetName=NetC30_2 Pin=R24-2
Added Pin To Net: NetName=NetC30_2 Pin=U8-3
Added Net: Name=NetC30_2
Added Pin To Net: NetName=NetC31_2 Pin=C31-2
Added Pin To Net: NetName=NetC31_2 Pin=L3-2
Added Pin To Net: NetName=NetC31_2 Pin=U8-5
Added Net: Name=NetC31_2
Added Pin To Net: NetName=NetD1_5 Pin=D1-5
Added Pin To Net: NetName=NetD1_5 Pin=D2-1
Added Pin To Net: NetName=NetD1_5 Pin=Q7-3
Added Pin To Net: NetName=NetD1_5 Pin=Q7-3
Added Pin To Net: NetName=NetD1_5 Pin=Q7-3
Added Pin To Net: NetName=NetD1_5 Pin=Q7-3
Added Pin To Net: NetName=NetD1_5 Pin=Q7-3
Added Net: Name=NetD1_5
Added Pin To Net: NetName=NetJ2_1 Pin=J2-1
Added Pin To Net: NetName=NetJ2_1 Pin=R18-2
Added Net: Name=NetJ2_1
Added Pin To Net: NetName=NetQ3_1 Pin=Q3-1
Added Pin To Net: NetName=NetQ3_1 Pin=R6-2
Added Net: Name=NetQ3_1
Added Pin To Net: NetName=NetQ4_1 Pin=Q4-1
Added Pin To Net: NetName=NetQ4_1 Pin=R10-2
Added Net: Name=NetQ4_1
Added Pin To Net: NetName=NetQ5_1 Pin=Q5-1
Added Pin To Net: NetName=NetQ5_1 Pin=R12-2
Added Net: Name=NetQ5_1
Added Pin To Net: NetName=NetQ6_1 Pin=Q6-1
Added Pin To Net: NetName=NetQ6_1 Pin=R14-2
Added Net: Name=NetQ6_1
Added Pin To Net: NetName=NetQ7_1 Pin=Q7-1
Added Pin To Net: NetName=NetQ7_1 Pin=U9-A2
Added Pin To Net: NetName=NetQ7_1 Pin=U9-B2
Added Net: Name=NetQ7_1
Added Pin To Net: NetName=NetR6_1 Pin=R6-1
Added Pin To Net: NetName=NetR6_1 Pin=U6-3
Added Net: Name=NetR6_1
Added Pin To Net: NetName=NetR10_1 Pin=R10-1
Added Pin To Net: NetName=NetR10_1 Pin=U6-6
Added Net: Name=NetR10_1
Added Pin To Net: NetName=NetR12_1 Pin=R12-1
Added Pin To Net: NetName=NetR12_1 Pin=U6-11
Added Net: Name=NetR12_1
Added Pin To Net: NetName=NetR14_1 Pin=R14-1
Added Pin To Net: NetName=NetR14_1 Pin=U6-8
Added Net: Name=NetR14_1
Added Pin To Net: NetName=NetR17_1 Pin=R17-1
Added Pin To Net: NetName=NetR17_1 Pin=R24-1
Added Pin To Net: NetName=NetR17_1 Pin=U7-1
Added Net: Name=NetR17_1
Added Pin To Net: NetName=NetR25_1 Pin=R25-1
Added Pin To Net: NetName=NetR25_1 Pin=R26-2
Added Pin To Net: NetName=NetR25_1 Pin=U7-4
Added Net: Name=NetR25_1
Added Pin To Net: NetName=NetU1_4 Pin=U1-4
Added Pin To Net: NetName=NetU1_4 Pin=U6-12
Added Net: Name=NetU1_4
Added Pin To Net: NetName=NetU1_6 Pin=U1-6
Added Pin To Net: NetName=NetU1_6 Pin=U6-4
Added Net: Name=NetU1_6
Added Pin To Net: NetName=NetU2_4 Pin=U2-4
Added Pin To Net: NetName=NetU2_4 Pin=U6-9
Added Net: Name=NetU2_4
Added Pin To Net: NetName=NetU2_6 Pin=U2-6
Added Pin To Net: NetName=NetU2_6 Pin=U6-10
Added Net: Name=NetU2_6
Added Pin To Net: NetName=NetU8_4 Pin=U8-4
Added Pin To Net: NetName=NetU8_4 Pin=U9-C2
Added Net: Name=NetU8_4
Added Pin To Net: NetName=NetU8_6 Pin=U8-6
Added Pin To Net: NetName=NetU8_6 Pin=U9-C1
Added Net: Name=NetU8_6
Added Pin To Net: NetName=Shunt_Sens Pin=C1-2
Added Pin To Net: NetName=Shunt_Sens Pin=C2-2
Added Pin To Net: NetName=Shunt_Sens Pin=C3-2
Added Pin To Net: NetName=Shunt_Sens Pin=C4-2
Added Pin To Net: NetName=Shunt_Sens Pin=C5-2
Added Pin To Net: NetName=Shunt_Sens Pin=C6-2
Added Pin To Net: NetName=Shunt_Sens Pin=C7-2
Added Pin To Net: NetName=Shunt_Sens Pin=C8-2
Added Pin To Net: NetName=Shunt_Sens Pin=C9-2
Added Pin To Net: NetName=Shunt_Sens Pin=C10-2
Added Pin To Net: NetName=Shunt_Sens Pin=C11-2
Added Pin To Net: NetName=Shunt_Sens Pin=C12-2
Added Pin To Net: NetName=Shunt_Sens Pin=C13-2
Added Pin To Net: NetName=Shunt_Sens Pin=C14-2
Added Pin To Net: NetName=Shunt_Sens Pin=C15-2
Added Pin To Net: NetName=Shunt_Sens Pin=C16-2
Added Pin To Net: NetName=Shunt_Sens Pin=C17-2
Added Pin To Net: NetName=Shunt_Sens Pin=C18-2
Added Pin To Net: NetName=Shunt_Sens Pin=C19-2
Added Pin To Net: NetName=Shunt_Sens Pin=C20-2
Added Pin To Net: NetName=Shunt_Sens Pin=R18-1
Added Pin To Net: NetName=Shunt_Sens Pin=R19-2
Added Pin To Net: NetName=Shunt_Sens Pin=R20-2
Added Pin To Net: NetName=Shunt_Sens Pin=R21-2
Added Pin To Net: NetName=Shunt_Sens Pin=R22-2
Added Pin To Net: NetName=Shunt_Sens Pin=R23-2
Added Net: Name=Shunt_Sens
Added Pin To Net: NetName=Start_Sig Pin=J1-3
Added Pin To Net: NetName=Start_Sig Pin=TP3-1
Added Pin To Net: NetName=Start_Sig Pin=U7-3
Added Net: Name=Start_Sig
Added Pin To Net: NetName=VCC_Drain Pin=Q1-4
Added Pin To Net: NetName=VCC_Drain Pin=Q1-6
Added Pin To Net: NetName=VCC_Drain Pin=Q2-4
Added Pin To Net: NetName=VCC_Drain Pin=Q2-6
Added Pin To Net: NetName=VCC_Drain Pin=R1-2
Added Pin To Net: NetName=VCC_Drain Pin=R2-2
Added Pin To Net: NetName=VCC_Drain Pin=R3-2
Added Pin To Net: NetName=VCC_Drain Pin=R4-2
Added Net: Name=VCC_Drain
Added Pin To Net: NetName=VCC Pin=D2-2
Added Pin To Net: NetName=VCC Pin=J1-1
Added Pin To Net: NetName=VCC Pin=R1-1
Added Pin To Net: NetName=VCC Pin=R2-1
Added Pin To Net: NetName=VCC Pin=R3-1
Added Pin To Net: NetName=VCC Pin=R4-1
Added Pin To Net: NetName=VCC Pin=R5-2
Added Pin To Net: NetName=VCC Pin=R7-2
Added Pin To Net: NetName=VCC Pin=R11-2
Added Pin To Net: NetName=VCC Pin=R13-2
Added Pin To Net: NetName=VCC Pin=TP1-1
Added Net: Name=VCC
Added Member To Class: ClassName=LaserDriver Member=Component C1 220pF, 100V
Added Member To Class: ClassName=LaserDriver Member=Component C2 220pF, 100V
Added Member To Class: ClassName=LaserDriver Member=Component C3 220pF, 100V
Added Member To Class: ClassName=LaserDriver Member=Component C4 220pF, 100V
Added Member To Class: ClassName=LaserDriver Member=Component C5 220pF, 100V
Added Member To Class: ClassName=LaserDriver Member=Component C6 220pF, 100V
Added Member To Class: ClassName=LaserDriver Member=Component C7 220pF, 100V
Added Member To Class: ClassName=LaserDriver Member=Component C8 220pF, 100V
Added Member To Class: ClassName=LaserDriver Member=Component C9 220pF, 100V
Added Member To Class: ClassName=LaserDriver Member=Component C10 220pF, 100V
Added Member To Class: ClassName=LaserDriver Member=Component C11 220pF, 100V
Added Member To Class: ClassName=LaserDriver Member=Component C12 220pF, 100V
Added Member To Class: ClassName=LaserDriver Member=Component C13 220pF, 100V
Added Member To Class: ClassName=LaserDriver Member=Component C14 220pF, 100V
Added Member To Class: ClassName=LaserDriver Member=Component C15 220pF, 100V
Added Member To Class: ClassName=LaserDriver Member=Component C16 220pF, 100V
Added Member To Class: ClassName=LaserDriver Member=Component C17 220pF, 100V
Added Member To Class: ClassName=LaserDriver Member=Component C18 220pF, 100V
Added Member To Class: ClassName=LaserDriver Member=Component C19 220pF, 100V
Added Member To Class: ClassName=LaserDriver Member=Component C20 220pF, 100V
Added Member To Class: ClassName=LaserDriver Member=Component C21 0.1uF, 16V
Added Member To Class: ClassName=LaserDriver Member=Component C22 1uF, 25V
Added Member To Class: ClassName=LaserDriver Member=Component C23 1uF, 25V
Added Member To Class: ClassName=LaserDriver Member=Component C24 0.1uF, 16V
Added Member To Class: ClassName=LaserDriver Member=Component C25 0.1uF, 16V
Added Member To Class: ClassName=LaserDriver Member=Component C26 0.1uF, 16V
Added Member To Class: ClassName=LaserDriver Member=Component C27 0.1uF, 16V
Added Member To Class: ClassName=LaserDriver Member=Component C28 0.1uF, 16V
Added Member To Class: ClassName=LaserDriver Member=Component C29 8pF, 50V
Added Member To Class: ClassName=LaserDriver Member=Component C30 8pF, 50V
Added Member To Class: ClassName=LaserDriver Member=Component C31 0.1uF, 16V
Added Member To Class: ClassName=LaserDriver Member=Component D2 120V, 1A
Added Member To Class: ClassName=LaserDriver Member=Component D3 120V, 1A
Added Member To Class: ClassName=LaserDriver Member=Component D4 120V, 1A
Added Member To Class: ClassName=LaserDriver Member=Component D5 120V, 1A
Added Member To Class: ClassName=LaserDriver Member=Component D6 120V, 1A
Added Member To Class: ClassName=LaserDriver Member=Component J1 DF13-6P
Added Member To Class: ClassName=LaserDriver Member=Component J2 SMA
Added Member To Class: ClassName=LaserDriver Member=Component L1 330?, 700mA
Added Member To Class: ClassName=LaserDriver Member=Component L2 330?, 700mA
Added Member To Class: ClassName=LaserDriver Member=Component L3 330?, 700mA
Added Member To Class: ClassName=LaserDriver Member=Component Q1 100V, 1.2A, 350m?
Added Member To Class: ClassName=LaserDriver Member=Component Q2 100V, 1.2A, 350m?
Added Member To Class: ClassName=LaserDriver Member=Component Q3 180V, 600mA
Added Member To Class: ClassName=LaserDriver Member=Component Q4 180V, 600mA
Added Member To Class: ClassName=LaserDriver Member=Component Q5 180V, 600mA
Added Member To Class: ClassName=LaserDriver Member=Component Q6 180V, 600mA
Added Member To Class: ClassName=LaserDriver Member=Component Q7 100V, 36A, 7m?
Added Member To Class: ClassName=LaserDriver Member=Component R1 3.9k
Added Member To Class: ClassName=LaserDriver Member=Component R2 3.9k
Added Member To Class: ClassName=LaserDriver Member=Component R3 3.9k
Added Member To Class: ClassName=LaserDriver Member=Component R4 3.9k
Added Member To Class: ClassName=LaserDriver Member=Component R5 1k
Added Member To Class: ClassName=LaserDriver Member=Component R6 200R
Added Member To Class: ClassName=LaserDriver Member=Component R7 1k
Added Member To Class: ClassName=LaserDriver Member=Component R8 300R
Added Member To Class: ClassName=LaserDriver Member=Component R9 300R
Added Member To Class: ClassName=LaserDriver Member=Component R10 200R
Added Member To Class: ClassName=LaserDriver Member=Component R11 1k
Added Member To Class: ClassName=LaserDriver Member=Component R12 200R
Added Member To Class: ClassName=LaserDriver Member=Component R13 1k
Added Member To Class: ClassName=LaserDriver Member=Component R14 200R
Added Member To Class: ClassName=LaserDriver Member=Component R15 300R
Added Member To Class: ClassName=LaserDriver Member=Component R16 300R
Added Member To Class: ClassName=LaserDriver Member=Component R17 100R
Added Member To Class: ClassName=LaserDriver Member=Component R18 51R
Added Member To Class: ClassName=LaserDriver Member=Component R19 0.47R
Added Member To Class: ClassName=LaserDriver Member=Component R20 0.47R
Added Member To Class: ClassName=LaserDriver Member=Component R21 0.47R
Added Member To Class: ClassName=LaserDriver Member=Component R22 0.47R
Added Member To Class: ClassName=LaserDriver Member=Component R23 0.47R
Added Member To Class: ClassName=LaserDriver Member=Component R24 180R
Added Member To Class: ClassName=LaserDriver Member=Component R25 10k
Added Member To Class: ClassName=LaserDriver Member=Component R26 1k
Added Member To Class: ClassName=LaserDriver Member=Component TP1 TestPoint
Added Member To Class: ClassName=LaserDriver Member=Component TP2 TestPoint
Added Member To Class: ClassName=LaserDriver Member=Component TP3 TestPoint
Added Member To Class: ClassName=LaserDriver Member=Component TP4 TestPoint
Added Member To Class: ClassName=LaserDriver Member=Component TP5 TestPoint
Added Member To Class: ClassName=LaserDriver Member=Component TP6 TestPoint
Added Member To Class: ClassName=LaserDriver Member=Component TP7 TestPoint
Added Member To Class: ClassName=LaserDriver Member=Component TP8 TestPoint
Added Member To Class: ClassName=LaserDriver Member=Component TP9 TestPoint
Added Member To Class: ClassName=LaserDriver Member=Component U1 Inv
Added Member To Class: ClassName=LaserDriver Member=Component U2 Inv
Added Member To Class: ClassName=LaserDriver Member=Component U3 Inv
Added Member To Class: ClassName=LaserDriver Member=Component U4 LDO 1.8V
Added Member To Class: ClassName=LaserDriver Member=Component U5 Inv
Added Member To Class: ClassName=LaserDriver Member=Component U6 2NAND
Added Member To Class: ClassName=LaserDriver Member=Component U7 OpAmp
Added Member To Class: ClassName=LaserDriver Member=Component U8 Buff
Added Member To Class: ClassName=LaserDriver Member=Component U9 Driver
